[0.329s] Invoking command in '/home/ibrahim/tasc_arm/build/arm_description': CMAKE_PREFIX_PATH=${CMAKE_PREFIX_PATH}:/home/ibrahim/tasc_arm/install/arm_control:/home/ibrahim/tasc_arm/install/arm_bringup:/home/ibrahim/arm_ws/install/mini_arm_teleop:/home/ibrahim/arm_ws/install/arm_teleop:/home/ibrahim/install/turtlebot3_ps4_controller:/home/ibrahim/install/phidget_arm_control:/home/ibrahim/install/joy_tester:/home/ibrahim/install/fk_test:/home/ibrahim/install/controller:/opt/ros/humble /usr/bin/cmake /home/ibrahim/tasc_arm/src/arm_description -DAMENT_CMAKE_SYMLINK_INSTALL=1 -DCMAKE_INSTALL_PREFIX=/home/ibrahim/tasc_arm/install/arm_description
[0.376s] -- The C compiler identification is GNU 11.4.0
[0.418s] -- The CXX compiler identification is GNU 11.4.0
[0.425s] -- Detecting C compiler ABI info
[0.482s] -- Detecting C compiler ABI info - done
[0.485s] -- Check for working C compiler: /usr/bin/cc - skipped
[0.485s] -- Detecting C compile features
[0.486s] -- Detecting C compile features - done
[0.487s] -- Detecting CXX compiler ABI info
[0.556s] -- Detecting CXX compiler ABI info - done
[0.559s] -- Check for working CXX compiler: /usr/bin/c++ - skipped
[0.560s] -- Detecting CXX compile features
[0.560s] -- Detecting CXX compile features - done
[0.564s] -- Found ament_cmake: 1.3.12 (/opt/ros/humble/share/ament_cmake/cmake)
[0.683s] -- Found Python3: /usr/bin/python3 (found version "3.10.12") found components: Interpreter 
[0.726s] -- Override CMake install command with custom implementation using symlinks instead of copying resources
[0.768s] -- Found ament_lint_auto: 0.12.14 (/opt/ros/humble/share/ament_lint_auto/cmake)
[0.836s] -- Added test 'lint_cmake' to check CMake code style
[0.838s] -- Added test 'xmllint' to check XML markup files
[0.839s] -- Configuring done
[0.842s] -- Generating done
[0.845s] -- Build files have been written to: /home/ibrahim/tasc_arm/build/arm_description
[0.847s] Invoked command in '/home/ibrahim/tasc_arm/build/arm_description' returned '0': CMAKE_PREFIX_PATH=${CMAKE_PREFIX_PATH}:/home/ibrahim/tasc_arm/install/arm_control:/home/ibrahim/tasc_arm/install/arm_bringup:/home/ibrahim/arm_ws/install/mini_arm_teleop:/home/ibrahim/arm_ws/install/arm_teleop:/home/ibrahim/install/turtlebot3_ps4_controller:/home/ibrahim/install/phidget_arm_control:/home/ibrahim/install/joy_tester:/home/ibrahim/install/fk_test:/home/ibrahim/install/controller:/opt/ros/humble /usr/bin/cmake /home/ibrahim/tasc_arm/src/arm_description -DAMENT_CMAKE_SYMLINK_INSTALL=1 -DCMAKE_INSTALL_PREFIX=/home/ibrahim/tasc_arm/install/arm_description
[0.851s] Invoking command in '/home/ibrahim/tasc_arm/build/arm_description': CMAKE_PREFIX_PATH=${CMAKE_PREFIX_PATH}:/home/ibrahim/tasc_arm/install/arm_control:/home/ibrahim/tasc_arm/install/arm_bringup:/home/ibrahim/arm_ws/install/mini_arm_teleop:/home/ibrahim/arm_ws/install/arm_teleop:/home/ibrahim/install/turtlebot3_ps4_controller:/home/ibrahim/install/phidget_arm_control:/home/ibrahim/install/joy_tester:/home/ibrahim/install/fk_test:/home/ibrahim/install/controller:/opt/ros/humble /usr/bin/cmake --build /home/ibrahim/tasc_arm/build/arm_description -- -j4 -l4
[0.884s] Invoked command in '/home/ibrahim/tasc_arm/build/arm_description' returned '0': CMAKE_PREFIX_PATH=${CMAKE_PREFIX_PATH}:/home/ibrahim/tasc_arm/install/arm_control:/home/ibrahim/tasc_arm/install/arm_bringup:/home/ibrahim/arm_ws/install/mini_arm_teleop:/home/ibrahim/arm_ws/install/arm_teleop:/home/ibrahim/install/turtlebot3_ps4_controller:/home/ibrahim/install/phidget_arm_control:/home/ibrahim/install/joy_tester:/home/ibrahim/install/fk_test:/home/ibrahim/install/controller:/opt/ros/humble /usr/bin/cmake --build /home/ibrahim/tasc_arm/build/arm_description -- -j4 -l4
[0.892s] Invoking command in '/home/ibrahim/tasc_arm/build/arm_description': CMAKE_PREFIX_PATH=${CMAKE_PREFIX_PATH}:/home/ibrahim/tasc_arm/install/arm_control:/home/ibrahim/tasc_arm/install/arm_bringup:/home/ibrahim/arm_ws/install/mini_arm_teleop:/home/ibrahim/arm_ws/install/arm_teleop:/home/ibrahim/install/turtlebot3_ps4_controller:/home/ibrahim/install/phidget_arm_control:/home/ibrahim/install/joy_tester:/home/ibrahim/install/fk_test:/home/ibrahim/install/controller:/opt/ros/humble /usr/bin/cmake --install /home/ibrahim/tasc_arm/build/arm_description
[0.898s] -- Install configuration: ""
[0.899s] -- Execute custom install script
[0.899s] -- Symlinking: /home/ibrahim/tasc_arm/install/arm_description/share/ament_index/resource_index/package_run_dependencies/arm_description
[0.906s] -- Symlinking: /home/ibrahim/tasc_arm/install/arm_description/share/ament_index/resource_index/parent_prefix_path/arm_description
[0.912s] -- Symlinking: /home/ibrahim/tasc_arm/install/arm_description/share/arm_description/environment/ament_prefix_path.sh
[0.919s] -- Symlinking: /home/ibrahim/tasc_arm/install/arm_description/share/arm_description/environment/ament_prefix_path.dsv
[0.926s] -- Symlinking: /home/ibrahim/tasc_arm/install/arm_description/share/arm_description/environment/path.sh
[0.932s] -- Symlinking: /home/ibrahim/tasc_arm/install/arm_description/share/arm_description/environment/path.dsv
[0.939s] -- Symlinking: /home/ibrahim/tasc_arm/install/arm_description/share/arm_description/local_setup.bash
[0.945s] -- Symlinking: /home/ibrahim/tasc_arm/install/arm_description/share/arm_description/local_setup.sh
[0.952s] -- Symlinking: /home/ibrahim/tasc_arm/install/arm_description/share/arm_description/local_setup.zsh
[0.958s] -- Symlinking: /home/ibrahim/tasc_arm/install/arm_description/share/arm_description/local_setup.dsv
[0.965s] -- Symlinking: /home/ibrahim/tasc_arm/install/arm_description/share/arm_description/package.dsv
[0.971s] -- Symlinking: /home/ibrahim/tasc_arm/install/arm_description/share/ament_index/resource_index/packages/arm_description
[0.978s] -- Symlinking: /home/ibrahim/tasc_arm/install/arm_description/share/arm_description/cmake/arm_descriptionConfig.cmake
[0.984s] -- Symlinking: /home/ibrahim/tasc_arm/install/arm_description/share/arm_description/cmake/arm_descriptionConfig-version.cmake
[0.991s] -- Symlinking: /home/ibrahim/tasc_arm/install/arm_description/share/arm_description/package.xml
[1.000s] Invoked command in '/home/ibrahim/tasc_arm/build/arm_description' returned '0': CMAKE_PREFIX_PATH=${CMAKE_PREFIX_PATH}:/home/ibrahim/tasc_arm/install/arm_control:/home/ibrahim/tasc_arm/install/arm_bringup:/home/ibrahim/arm_ws/install/mini_arm_teleop:/home/ibrahim/arm_ws/install/arm_teleop:/home/ibrahim/install/turtlebot3_ps4_controller:/home/ibrahim/install/phidget_arm_control:/home/ibrahim/install/joy_tester:/home/ibrahim/install/fk_test:/home/ibrahim/install/controller:/opt/ros/humble /usr/bin/cmake --install /home/ibrahim/tasc_arm/build/arm_description
