running develop
running egg_info
creating arm_bringup.egg-info
writing arm_bringup.egg-info/PKG-INFO
writing dependency_links to arm_bringup.egg-info/dependency_links.txt
writing entry points to arm_bringup.egg-info/entry_points.txt
writing requirements to arm_bringup.egg-info/requires.txt
writing top-level names to arm_bringup.egg-info/top_level.txt
writing manifest file 'arm_bringup.egg-info/SOURCES.txt'
reading manifest file 'arm_bringup.egg-info/SOURCES.txt'
writing manifest file 'arm_bringup.egg-info/SOURCES.txt'
running build_ext
Creating /home/ibrahim/tasc_arm/install/arm_bringup/lib/python3.10/site-packages/arm-bringup.egg-link (link to .)

Installed /home/ibrahim/tasc_arm/build/arm_bringup
running symlink_data
creating /home/ibrahim/tasc_arm/install/arm_bringup/share/ament_index
creating /home/ibrahim/tasc_arm/install/arm_bringup/share/ament_index/resource_index
creating /home/ibrahim/tasc_arm/install/arm_bringup/share/ament_index/resource_index/packages
symbolically linking /home/ibrahim/tasc_arm/build/arm_bringup/resource/arm_bringup -> /home/ibrahim/tasc_arm/install/arm_bringup/share/ament_index/resource_index/packages
symbolically linking /home/ibrahim/tasc_arm/build/arm_bringup/package.xml -> /home/ibrahim/tasc_arm/install/arm_bringup/share/arm_bringup
