[0.596s] Invoking command in '/home/ibrahim/tasc_arm/build/arm_bringup': PYTHONPATH=/home/ibrahim/tasc_arm/build/arm_bringup/prefix_override:/usr/lib/python3/dist-packages/colcon_core/task/python/colcon_distutils_commands:/home/ibrahim/tasc_arm/install/arm_bringup/lib/python3.10/site-packages:${PYTHONPATH} /usr/bin/python3 -W ignore:setup.py install is deprecated -W ignore:easy_install command is deprecated setup.py develop --editable --build-directory /home/ibrahim/tasc_arm/build/arm_bringup/build --no-deps symlink_data
[0.777s] running develop
[0.923s] running egg_info
[0.923s] creating arm_bringup.egg-info
[0.923s] writing arm_bringup.egg-info/PKG-INFO
[0.923s] writing dependency_links to arm_bringup.egg-info/dependency_links.txt
[0.923s] writing entry points to arm_bringup.egg-info/entry_points.txt
[0.923s] writing requirements to arm_bringup.egg-info/requires.txt
[0.923s] writing top-level names to arm_bringup.egg-info/top_level.txt
[0.923s] writing manifest file 'arm_bringup.egg-info/SOURCES.txt'
[0.924s] reading manifest file 'arm_bringup.egg-info/SOURCES.txt'
[0.924s] writing manifest file 'arm_bringup.egg-info/SOURCES.txt'
[0.925s] running build_ext
[0.925s] Creating /home/ibrahim/tasc_arm/install/arm_bringup/lib/python3.10/site-packages/arm-bringup.egg-link (link to .)
[0.926s] 
[0.926s] Installed /home/ibrahim/tasc_arm/build/arm_bringup
[0.926s] running symlink_data
[0.926s] creating /home/ibrahim/tasc_arm/install/arm_bringup/share/ament_index
[0.926s] creating /home/ibrahim/tasc_arm/install/arm_bringup/share/ament_index/resource_index
[0.926s] creating /home/ibrahim/tasc_arm/install/arm_bringup/share/ament_index/resource_index/packages
[0.926s] symbolically linking /home/ibrahim/tasc_arm/build/arm_bringup/resource/arm_bringup -> /home/ibrahim/tasc_arm/install/arm_bringup/share/ament_index/resource_index/packages
[0.926s] symbolically linking /home/ibrahim/tasc_arm/build/arm_bringup/package.xml -> /home/ibrahim/tasc_arm/install/arm_bringup/share/arm_bringup
[0.959s] Invoked command in '/home/ibrahim/tasc_arm/build/arm_bringup' returned '0': PYTHONPATH=/home/ibrahim/tasc_arm/build/arm_bringup/prefix_override:/usr/lib/python3/dist-packages/colcon_core/task/python/colcon_distutils_commands:/home/ibrahim/tasc_arm/install/arm_bringup/lib/python3.10/site-packages:${PYTHONPATH} /usr/bin/python3 -W ignore:setup.py install is deprecated -W ignore:easy_install command is deprecated setup.py develop --editable --build-directory /home/ibrahim/tasc_arm/build/arm_bringup/build --no-deps symlink_data
