[0.337s] Invoking command in '/home/ibrahim/tasc_arm/build/arm_description': CMAKE_PREFIX_PATH=${CMAKE_PREFIX_PATH}:/home/ibrahim/tasc_arm/install/arm_control:/home/ibrahim/tasc_arm/install/arm_bringup:/home/ibrahim/arm_ws/install/mini_arm_teleop:/home/ibrahim/arm_ws/install/arm_teleop:/home/ibrahim/install/turtlebot3_ps4_controller:/home/ibrahim/install/phidget_arm_control:/home/ibrahim/install/joy_tester:/home/ibrahim/install/fk_test:/home/ibrahim/install/controller:/opt/ros/humble /usr/bin/cmake --build /home/ibrahim/tasc_arm/build/arm_description -- -j4 -l4
[0.358s] -- Found ament_cmake: 1.3.12 (/opt/ros/humble/share/ament_cmake/cmake)
[0.437s] -- Override CMake install command with custom implementation using symlinks instead of copying resources
[0.442s] -- Found ament_lint_auto: 0.12.14 (/opt/ros/humble/share/ament_lint_auto/cmake)
[0.489s] -- Added test 'lint_cmake' to check CMake code style
[0.490s] -- Added test 'xmllint' to check XML markup files
[0.491s] -- Configuring done
[0.494s] -- Generating done
[0.495s] -- Build files have been written to: /home/ibrahim/tasc_arm/build/arm_description
[0.513s] Invoked command in '/home/ibrahim/tasc_arm/build/arm_description' returned '0': CMAKE_PREFIX_PATH=${CMAKE_PREFIX_PATH}:/home/ibrahim/tasc_arm/install/arm_control:/home/ibrahim/tasc_arm/install/arm_bringup:/home/ibrahim/arm_ws/install/mini_arm_teleop:/home/ibrahim/arm_ws/install/arm_teleop:/home/ibrahim/install/turtlebot3_ps4_controller:/home/ibrahim/install/phidget_arm_control:/home/ibrahim/install/joy_tester:/home/ibrahim/install/fk_test:/home/ibrahim/install/controller:/opt/ros/humble /usr/bin/cmake --build /home/ibrahim/tasc_arm/build/arm_description -- -j4 -l4
[0.521s] Invoking command in '/home/ibrahim/tasc_arm/build/arm_description': CMAKE_PREFIX_PATH=${CMAKE_PREFIX_PATH}:/home/ibrahim/tasc_arm/install/arm_control:/home/ibrahim/tasc_arm/install/arm_bringup:/home/ibrahim/arm_ws/install/mini_arm_teleop:/home/ibrahim/arm_ws/install/arm_teleop:/home/ibrahim/install/turtlebot3_ps4_controller:/home/ibrahim/install/phidget_arm_control:/home/ibrahim/install/joy_tester:/home/ibrahim/install/fk_test:/home/ibrahim/install/controller:/opt/ros/humble /usr/bin/cmake --install /home/ibrahim/tasc_arm/build/arm_description
[0.527s] -- Install configuration: ""
[0.528s] -- Execute custom install script
[0.528s] -- Symlinking: /home/ibrahim/tasc_arm/install/arm_description/share/arm_description/urdf/mini_arm.urdf
[0.536s] -- Symlinking: /home/ibrahim/tasc_arm/install/arm_description/share/arm_description/meshes/anchor_left.STL
[0.543s] -- Symlinking: /home/ibrahim/tasc_arm/install/arm_description/share/arm_description/meshes/anchor_right.STL
[0.552s] -- Symlinking: /home/ibrahim/tasc_arm/install/arm_description/share/arm_description/meshes/base_link.STL
[0.561s] -- Symlinking: /home/ibrahim/tasc_arm/install/arm_description/share/arm_description/meshes/base_rotator.STL
[0.571s] -- Symlinking: /home/ibrahim/tasc_arm/install/arm_description/share/arm_description/meshes/elbow_Link.STL
[0.575s] -- Symlinking: /home/ibrahim/tasc_arm/install/arm_description/share/arm_description/meshes/end_base.STL
[0.583s] -- Symlinking: /home/ibrahim/tasc_arm/install/arm_description/share/arm_description/meshes/finger_left.STL
[0.590s] -- Symlinking: /home/ibrahim/tasc_arm/install/arm_description/share/arm_description/meshes/finger_right.STL
[0.597s] -- Symlinking: /home/ibrahim/tasc_arm/install/arm_description/share/arm_description/meshes/gear_left.STL
[0.603s] -- Symlinking: /home/ibrahim/tasc_arm/install/arm_description/share/arm_description/meshes/gear_right.STL
[0.610s] -- Symlinking: /home/ibrahim/tasc_arm/install/arm_description/share/arm_description/meshes/shoulder_link.STL
[0.618s] -- Symlinking: /home/ibrahim/tasc_arm/install/arm_description/share/arm_description/meshes/wrist_Link.STL
[0.626s] -- Up-to-date symlink: /home/ibrahim/tasc_arm/install/arm_description/share/ament_index/resource_index/package_run_dependencies/arm_description
[0.626s] -- Up-to-date symlink: /home/ibrahim/tasc_arm/install/arm_description/share/ament_index/resource_index/parent_prefix_path/arm_description
[0.627s] -- Up-to-date symlink: /home/ibrahim/tasc_arm/install/arm_description/share/arm_description/environment/ament_prefix_path.sh
[0.627s] -- Up-to-date symlink: /home/ibrahim/tasc_arm/install/arm_description/share/arm_description/environment/ament_prefix_path.dsv
[0.627s] -- Up-to-date symlink: /home/ibrahim/tasc_arm/install/arm_description/share/arm_description/environment/path.sh
[0.628s] -- Up-to-date symlink: /home/ibrahim/tasc_arm/install/arm_description/share/arm_description/environment/path.dsv
[0.628s] -- Up-to-date symlink: /home/ibrahim/tasc_arm/install/arm_description/share/arm_description/local_setup.bash
[0.628s] -- Up-to-date symlink: /home/ibrahim/tasc_arm/install/arm_description/share/arm_description/local_setup.sh
[0.629s] -- Up-to-date symlink: /home/ibrahim/tasc_arm/install/arm_description/share/arm_description/local_setup.zsh
[0.629s] -- Up-to-date symlink: /home/ibrahim/tasc_arm/install/arm_description/share/arm_description/local_setup.dsv
[0.629s] -- Symlinking: /home/ibrahim/tasc_arm/install/arm_description/share/arm_description/package.dsv
[0.637s] -- Up-to-date symlink: /home/ibrahim/tasc_arm/install/arm_description/share/ament_index/resource_index/packages/arm_description
[0.637s] -- Up-to-date symlink: /home/ibrahim/tasc_arm/install/arm_description/share/arm_description/cmake/arm_descriptionConfig.cmake
[0.637s] -- Up-to-date symlink: /home/ibrahim/tasc_arm/install/arm_description/share/arm_description/cmake/arm_descriptionConfig-version.cmake
[0.639s] -- Up-to-date symlink: /home/ibrahim/tasc_arm/install/arm_description/share/arm_description/package.xml
[0.642s] Invoked command in '/home/ibrahim/tasc_arm/build/arm_description' returned '0': CMAKE_PREFIX_PATH=${CMAKE_PREFIX_PATH}:/home/ibrahim/tasc_arm/install/arm_control:/home/ibrahim/tasc_arm/install/arm_bringup:/home/ibrahim/arm_ws/install/mini_arm_teleop:/home/ibrahim/arm_ws/install/arm_teleop:/home/ibrahim/install/turtlebot3_ps4_controller:/home/ibrahim/install/phidget_arm_control:/home/ibrahim/install/joy_tester:/home/ibrahim/install/fk_test:/home/ibrahim/install/controller:/opt/ros/humble /usr/bin/cmake --install /home/ibrahim/tasc_arm/build/arm_description
