[0.568s] Invoking command in '/home/ibrahim/tasc_arm/build/arm_bringup': PYTHONPATH=/home/ibrahim/tasc_arm/build/arm_bringup/prefix_override:/usr/lib/python3/dist-packages/colcon_core/task/python/colcon_distutils_commands:/home/ibrahim/tasc_arm/install/arm_bringup/lib/python3.10/site-packages:${PYTHONPATH} /usr/bin/python3 -W ignore:setup.py install is deprecated -W ignore:easy_install command is deprecated setup.py develop --editable --build-directory /home/ibrahim/tasc_arm/build/arm_bringup/build --no-deps symlink_data
[0.736s] running develop
[0.841s] running egg_info
[0.841s] creating arm_bringup.egg-info
[0.841s] writing arm_bringup.egg-info/PKG-INFO
[0.841s] writing dependency_links to arm_bringup.egg-info/dependency_links.txt
[0.841s] writing entry points to arm_bringup.egg-info/entry_points.txt
[0.841s] writing requirements to arm_bringup.egg-info/requires.txt
[0.841s] writing top-level names to arm_bringup.egg-info/top_level.txt
[0.841s] writing manifest file 'arm_bringup.egg-info/SOURCES.txt'
[0.841s] reading manifest file 'arm_bringup.egg-info/SOURCES.txt'
[0.842s] writing manifest file 'arm_bringup.egg-info/SOURCES.txt'
[0.843s] running build_ext
[0.843s] Creating /home/ibrahim/tasc_arm/install/arm_bringup/lib/python3.10/site-packages/arm-bringup.egg-link (link to .)
[0.844s] 
[0.844s] Installed /home/ibrahim/tasc_arm/build/arm_bringup
[0.845s] running symlink_data
[0.845s] creating /home/ibrahim/tasc_arm/install/arm_bringup/share/ament_index
[0.845s] creating /home/ibrahim/tasc_arm/install/arm_bringup/share/ament_index/resource_index
[0.845s] creating /home/ibrahim/tasc_arm/install/arm_bringup/share/ament_index/resource_index/packages
[0.845s] symbolically linking /home/ibrahim/tasc_arm/build/arm_bringup/resource/arm_bringup -> /home/ibrahim/tasc_arm/install/arm_bringup/share/ament_index/resource_index/packages
[0.845s] symbolically linking /home/ibrahim/tasc_arm/build/arm_bringup/package.xml -> /home/ibrahim/tasc_arm/install/arm_bringup/share/arm_bringup
[0.845s] creating /home/ibrahim/tasc_arm/install/arm_bringup/share/arm_bringup/launch
[0.845s] symbolically linking /home/ibrahim/tasc_arm/build/arm_bringup/launch/bringup.launch.py -> /home/ibrahim/tasc_arm/install/arm_bringup/share/arm_bringup/launch
[0.863s] Invoked command in '/home/ibrahim/tasc_arm/build/arm_bringup' returned '0': PYTHONPATH=/home/ibrahim/tasc_arm/build/arm_bringup/prefix_override:/usr/lib/python3/dist-packages/colcon_core/task/python/colcon_distutils_commands:/home/ibrahim/tasc_arm/install/arm_bringup/lib/python3.10/site-packages:${PYTHONPATH} /usr/bin/python3 -W ignore:setup.py install is deprecated -W ignore:easy_install command is deprecated setup.py develop --editable --build-directory /home/ibrahim/tasc_arm/build/arm_bringup/build --no-deps symlink_data
