[0.450s] Invoking command in '/home/ibrahim/tasc_arm/build/arm_bringup': PYTHONPATH=/home/ibrahim/tasc_arm/build/arm_bringup/prefix_override:/usr/lib/python3/dist-packages/colcon_core/task/python/colcon_distutils_commands:/home/ibrahim/tasc_arm/install/arm_bringup/lib/python3.10/site-packages:${PYTHONPATH} /usr/bin/python3 -W ignore:setup.py install is deprecated -W ignore:easy_install command is deprecated setup.py develop --uninstall --editable --build-directory /home/ibrahim/tasc_arm/build/arm_bringup/build
[0.631s] running develop
[0.752s] Removing /home/ibrahim/tasc_arm/install/arm_bringup/lib/python3.10/site-packages/arm-bringup.egg-link (link to .)
[0.772s] Invoked command in '/home/ibrahim/tasc_arm/build/arm_bringup' returned '0': PYTHONPATH=/home/ibrahim/tasc_arm/build/arm_bringup/prefix_override:/usr/lib/python3/dist-packages/colcon_core/task/python/colcon_distutils_commands:/home/ibrahim/tasc_arm/install/arm_bringup/lib/python3.10/site-packages:${PYTHONPATH} /usr/bin/python3 -W ignore:setup.py install is deprecated -W ignore:easy_install command is deprecated setup.py develop --uninstall --editable --build-directory /home/ibrahim/tasc_arm/build/arm_bringup/build
[0.772s] Invoking command in '/home/ibrahim/tasc_arm/src/arm_bringup': PYTHONPATH=/home/ibrahim/tasc_arm/build/arm_bringup/prefix_override:/usr/lib/python3/dist-packages/colcon_core/task/python/colcon_distutils_commands:/home/ibrahim/tasc_arm/install/arm_bringup/lib/python3.10/site-packages:${PYTHONPATH} /usr/bin/python3 -W ignore:setup.py install is deprecated -W ignore:easy_install command is deprecated setup.py egg_info --egg-base ../../build/arm_bringup build --build-base /home/ibrahim/tasc_arm/build/arm_bringup/build install --record /home/ibrahim/tasc_arm/build/arm_bringup/install.log --single-version-externally-managed install_data --force
[0.927s] running egg_info
[0.927s] writing ../../build/arm_bringup/arm_bringup.egg-info/PKG-INFO
[0.927s] writing dependency_links to ../../build/arm_bringup/arm_bringup.egg-info/dependency_links.txt
[0.927s] writing entry points to ../../build/arm_bringup/arm_bringup.egg-info/entry_points.txt
[0.927s] writing requirements to ../../build/arm_bringup/arm_bringup.egg-info/requires.txt
[0.928s] writing top-level names to ../../build/arm_bringup/arm_bringup.egg-info/top_level.txt
[0.929s] reading manifest file '../../build/arm_bringup/arm_bringup.egg-info/SOURCES.txt'
[0.929s] writing manifest file '../../build/arm_bringup/arm_bringup.egg-info/SOURCES.txt'
[0.930s] running build
[0.930s] running build_py
[0.930s] running install
[0.930s] running install_lib
[0.930s] creating /home/ibrahim/tasc_arm/install/arm_bringup/lib/python3.10/site-packages/arm_bringup
[0.930s] copying /home/ibrahim/tasc_arm/build/arm_bringup/build/lib/arm_bringup/__init__.py -> /home/ibrahim/tasc_arm/install/arm_bringup/lib/python3.10/site-packages/arm_bringup
[0.931s] byte-compiling /home/ibrahim/tasc_arm/install/arm_bringup/lib/python3.10/site-packages/arm_bringup/__init__.py to __init__.cpython-310.pyc
[0.932s] running install_data
[0.932s] copying resource/arm_bringup -> /home/ibrahim/tasc_arm/install/arm_bringup/share/ament_index/resource_index/packages
[0.932s] copying package.xml -> /home/ibrahim/tasc_arm/install/arm_bringup/share/arm_bringup
[0.932s] copying launch/bringup.launch.py -> /home/ibrahim/tasc_arm/install/arm_bringup/share/arm_bringup/launch
[0.932s] running install_egg_info
[0.933s] Copying ../../build/arm_bringup/arm_bringup.egg-info to /home/ibrahim/tasc_arm/install/arm_bringup/lib/python3.10/site-packages/arm_bringup-0.0.0-py3.10.egg-info
[0.933s] running install_scripts
[0.947s] writing list of installed files to '/home/ibrahim/tasc_arm/build/arm_bringup/install.log'
[0.965s] Invoked command in '/home/ibrahim/tasc_arm/src/arm_bringup' returned '0': PYTHONPATH=/home/ibrahim/tasc_arm/build/arm_bringup/prefix_override:/usr/lib/python3/dist-packages/colcon_core/task/python/colcon_distutils_commands:/home/ibrahim/tasc_arm/install/arm_bringup/lib/python3.10/site-packages:${PYTHONPATH} /usr/bin/python3 -W ignore:setup.py install is deprecated -W ignore:easy_install command is deprecated setup.py egg_info --egg-base ../../build/arm_bringup build --build-base /home/ibrahim/tasc_arm/build/arm_bringup/build install --record /home/ibrahim/tasc_arm/build/arm_bringup/install.log --single-version-externally-managed install_data --force
