running develop
Removing /home/ibrahim/tasc_arm/install/arm_bringup/lib/python3.10/site-packages/arm-bringup.egg-link (link to .)
running egg_info
writing ../../build/arm_bringup/arm_bringup.egg-info/PKG-INFO
writing dependency_links to ../../build/arm_bringup/arm_bringup.egg-info/dependency_links.txt
writing entry points to ../../build/arm_bringup/arm_bringup.egg-info/entry_points.txt
writing requirements to ../../build/arm_bringup/arm_bringup.egg-info/requires.txt
writing top-level names to ../../build/arm_bringup/arm_bringup.egg-info/top_level.txt
reading manifest file '../../build/arm_bringup/arm_bringup.egg-info/SOURCES.txt'
writing manifest file '../../build/arm_bringup/arm_bringup.egg-info/SOURCES.txt'
running build
running build_py
creating /home/ibrahim/tasc_arm/build/arm_bringup/build
creating /home/ibrahim/tasc_arm/build/arm_bringup/build/lib
creating /home/ibrahim/tasc_arm/build/arm_bringup/build/lib/arm_bringup
copying arm_bringup/__init__.py -> /home/ibrahim/tasc_arm/build/arm_bringup/build/lib/arm_bringup
running install
running install_lib
creating /home/ibrahim/tasc_arm/install/arm_bringup/lib/python3.10/site-packages/arm_bringup
copying /home/ibrahim/tasc_arm/build/arm_bringup/build/lib/arm_bringup/__init__.py -> /home/ibrahim/tasc_arm/install/arm_bringup/lib/python3.10/site-packages/arm_bringup
byte-compiling /home/ibrahim/tasc_arm/install/arm_bringup/lib/python3.10/site-packages/arm_bringup/__init__.py to __init__.cpython-310.pyc
running install_data
copying resource/arm_bringup -> /home/ibrahim/tasc_arm/install/arm_bringup/share/ament_index/resource_index/packages
copying package.xml -> /home/ibrahim/tasc_arm/install/arm_bringup/share/arm_bringup
copying launch/bringup.launch.py -> /home/ibrahim/tasc_arm/install/arm_bringup/share/arm_bringup/launch
running install_egg_info
Copying ../../build/arm_bringup/arm_bringup.egg-info to /home/ibrahim/tasc_arm/install/arm_bringup/lib/python3.10/site-packages/arm_bringup-0.0.0-py3.10.egg-info
running install_scripts
writing list of installed files to '/home/ibrahim/tasc_arm/build/arm_bringup/install.log'
