[0.815s] Invoking command in '/home/ibrahim/tasc_arm/build/arm_bringup': PYTHONPATH=/home/ibrahim/tasc_arm/build/arm_bringup/prefix_override:/usr/lib/python3/dist-packages/colcon_core/task/python/colcon_distutils_commands:/home/ibrahim/tasc_arm/install/arm_bringup/lib/python3.10/site-packages:${PYTHONPATH} /usr/bin/python3 -W ignore:setup.py install is deprecated -W ignore:easy_install command is deprecated setup.py develop --uninstall --editable --build-directory /home/ibrahim/tasc_arm/build/arm_bringup/build
[0.983s] running develop
[1.100s] Removing /home/ibrahim/tasc_arm/install/arm_bringup/lib/python3.10/site-packages/arm-bringup.egg-link (link to .)
[1.118s] Invoked command in '/home/ibrahim/tasc_arm/build/arm_bringup' returned '0': PYTHONPATH=/home/ibrahim/tasc_arm/build/arm_bringup/prefix_override:/usr/lib/python3/dist-packages/colcon_core/task/python/colcon_distutils_commands:/home/ibrahim/tasc_arm/install/arm_bringup/lib/python3.10/site-packages:${PYTHONPATH} /usr/bin/python3 -W ignore:setup.py install is deprecated -W ignore:easy_install command is deprecated setup.py develop --uninstall --editable --build-directory /home/ibrahim/tasc_arm/build/arm_bringup/build
[1.119s] Invoking command in '/home/ibrahim/tasc_arm/src/arm_bringup': PYTHONPATH=/home/ibrahim/tasc_arm/build/arm_bringup/prefix_override:/usr/lib/python3/dist-packages/colcon_core/task/python/colcon_distutils_commands:/home/ibrahim/tasc_arm/install/arm_bringup/lib/python3.10/site-packages:${PYTHONPATH} /usr/bin/python3 -W ignore:setup.py install is deprecated -W ignore:easy_install command is deprecated setup.py egg_info --egg-base ../../build/arm_bringup build --build-base /home/ibrahim/tasc_arm/build/arm_bringup/build install --record /home/ibrahim/tasc_arm/build/arm_bringup/install.log --single-version-externally-managed install_data --force
[1.283s] running egg_info
[1.283s] writing ../../build/arm_bringup/arm_bringup.egg-info/PKG-INFO
[1.284s] writing dependency_links to ../../build/arm_bringup/arm_bringup.egg-info/dependency_links.txt
[1.284s] writing entry points to ../../build/arm_bringup/arm_bringup.egg-info/entry_points.txt
[1.284s] writing requirements to ../../build/arm_bringup/arm_bringup.egg-info/requires.txt
[1.285s] writing top-level names to ../../build/arm_bringup/arm_bringup.egg-info/top_level.txt
[1.347s] reading manifest file '../../build/arm_bringup/arm_bringup.egg-info/SOURCES.txt'
[1.348s] writing manifest file '../../build/arm_bringup/arm_bringup.egg-info/SOURCES.txt'
[1.348s] running build
[1.348s] running build_py
[1.348s] creating /home/ibrahim/tasc_arm/build/arm_bringup/build
[1.348s] creating /home/ibrahim/tasc_arm/build/arm_bringup/build/lib
[1.348s] creating /home/ibrahim/tasc_arm/build/arm_bringup/build/lib/arm_bringup
[1.348s] copying arm_bringup/__init__.py -> /home/ibrahim/tasc_arm/build/arm_bringup/build/lib/arm_bringup
[1.348s] running install
[1.349s] running install_lib
[1.349s] creating /home/ibrahim/tasc_arm/install/arm_bringup/lib/python3.10/site-packages/arm_bringup
[1.349s] copying /home/ibrahim/tasc_arm/build/arm_bringup/build/lib/arm_bringup/__init__.py -> /home/ibrahim/tasc_arm/install/arm_bringup/lib/python3.10/site-packages/arm_bringup
[1.350s] byte-compiling /home/ibrahim/tasc_arm/install/arm_bringup/lib/python3.10/site-packages/arm_bringup/__init__.py to __init__.cpython-310.pyc
[1.351s] running install_data
[1.351s] copying resource/arm_bringup -> /home/ibrahim/tasc_arm/install/arm_bringup/share/ament_index/resource_index/packages
[1.351s] copying package.xml -> /home/ibrahim/tasc_arm/install/arm_bringup/share/arm_bringup
[1.351s] copying launch/bringup.launch.py -> /home/ibrahim/tasc_arm/install/arm_bringup/share/arm_bringup/launch
[1.360s] running install_egg_info
[1.362s] Copying ../../build/arm_bringup/arm_bringup.egg-info to /home/ibrahim/tasc_arm/install/arm_bringup/lib/python3.10/site-packages/arm_bringup-0.0.0-py3.10.egg-info
[1.369s] running install_scripts
[1.382s] writing list of installed files to '/home/ibrahim/tasc_arm/build/arm_bringup/install.log'
[1.402s] Invoked command in '/home/ibrahim/tasc_arm/src/arm_bringup' returned '0': PYTHONPATH=/home/ibrahim/tasc_arm/build/arm_bringup/prefix_override:/usr/lib/python3/dist-packages/colcon_core/task/python/colcon_distutils_commands:/home/ibrahim/tasc_arm/install/arm_bringup/lib/python3.10/site-packages:${PYTHONPATH} /usr/bin/python3 -W ignore:setup.py install is deprecated -W ignore:easy_install command is deprecated setup.py egg_info --egg-base ../../build/arm_bringup build --build-base /home/ibrahim/tasc_arm/build/arm_bringup/build install --record /home/ibrahim/tasc_arm/build/arm_bringup/install.log --single-version-externally-managed install_data --force
