[0.071s] DEBUG:colcon:Command line arguments: ['/usr/bin/colcon', 'build', '--symlink-install']
[0.071s] DEBUG:colcon:Parsed command line arguments: Namespace(log_base=None, log_level=None, verb_name='build', build_base='build', install_base='install', merge_install=False, symlink_install=True, test_result_base=None, continue_on_error=False, executor='parallel', parallel_workers=4, event_handlers=None, ignore_user_meta=False, metas=['./colcon.meta'], base_paths=['.'], packages_ignore=None, packages_ignore_regex=None, paths=None, packages_up_to=None, packages_up_to_regex=None, packages_above=None, packages_above_and_dependencies=None, packages_above_depth=None, packages_select_by_dep=None, packages_skip_by_dep=None, packages_skip_up_to=None, packages_select_build_failed=False, packages_skip_build_finished=False, packages_select_test_failures=False, packages_skip_test_passed=False, packages_select=None, packages_skip=None, packages_select_regex=None, packages_skip_regex=None, packages_start=None, packages_end=None, allow_overriding=[], cmake_args=None, cmake_target=None, cmake_target_skip_unavailable=False, cmake_clean_cache=False, cmake_clean_first=False, cmake_force_configure=False, ament_cmake_args=None, catkin_cmake_args=None, catkin_skip_building_tests=False, mixin_files=None, mixin=None, verb_parser=<colcon_mixin.mixin.mixin_argument.MixinArgumentDecorator object at 0x77eaa2a900d0>, verb_extension=<colcon_core.verb.build.BuildVerb object at 0x77eaa2a0c760>, main=<bound method BuildVerb.main of <colcon_core.verb.build.BuildVerb object at 0x77eaa2a0c760>>, mixin_verb=('build',))
[0.175s] Level 1:colcon.colcon_core.package_discovery:discover_packages(colcon_meta) check parameters
[0.176s] Level 1:colcon.colcon_core.package_discovery:discover_packages(recursive) check parameters
[0.176s] Level 1:colcon.colcon_core.package_discovery:discover_packages(ignore) check parameters
[0.176s] Level 1:colcon.colcon_core.package_discovery:discover_packages(path) check parameters
[0.176s] Level 1:colcon.colcon_core.package_discovery:discover_packages(colcon_meta) discover
[0.176s] Level 1:colcon.colcon_core.package_discovery:discover_packages(recursive) discover
[0.176s] INFO:colcon.colcon_core.package_discovery:Crawling recursively for packages in '/home/ibrahim/tasc_arm'
[0.176s] Level 1:colcon.colcon_core.package_identification:_identify(.) by extensions ['ignore', 'ignore_ament_install']
[0.176s] Level 1:colcon.colcon_core.package_identification:_identify(.) by extension 'ignore'
[0.176s] Level 1:colcon.colcon_core.package_identification:_identify(.) by extension 'ignore_ament_install'
[0.176s] Level 1:colcon.colcon_core.package_identification:_identify(.) by extensions ['colcon_pkg']
[0.176s] Level 1:colcon.colcon_core.package_identification:_identify(.) by extension 'colcon_pkg'
[0.176s] Level 1:colcon.colcon_core.package_identification:_identify(.) by extensions ['colcon_meta']
[0.176s] Level 1:colcon.colcon_core.package_identification:_identify(.) by extension 'colcon_meta'
[0.176s] Level 1:colcon.colcon_core.package_identification:_identify(.) by extensions ['ros']
[0.176s] Level 1:colcon.colcon_core.package_identification:_identify(.) by extension 'ros'
[0.182s] Level 1:colcon.colcon_core.package_identification:_identify(.) by extensions ['cmake', 'python']
[0.182s] Level 1:colcon.colcon_core.package_identification:_identify(.) by extension 'cmake'
[0.182s] Level 1:colcon.colcon_core.package_identification:_identify(.) by extension 'python'
[0.182s] Level 1:colcon.colcon_core.package_identification:_identify(.) by extensions ['python_setup_py']
[0.182s] Level 1:colcon.colcon_core.package_identification:_identify(.) by extension 'python_setup_py'
[0.183s] Level 1:colcon.colcon_core.package_identification:_identify(build) by extensions ['ignore', 'ignore_ament_install']
[0.183s] Level 1:colcon.colcon_core.package_identification:_identify(build) by extension 'ignore'
[0.183s] Level 1:colcon.colcon_core.package_identification:_identify(build) ignored
[0.183s] Level 1:colcon.colcon_core.package_identification:_identify(install) by extensions ['ignore', 'ignore_ament_install']
[0.183s] Level 1:colcon.colcon_core.package_identification:_identify(install) by extension 'ignore'
[0.183s] Level 1:colcon.colcon_core.package_identification:_identify(install) ignored
[0.183s] Level 1:colcon.colcon_core.package_identification:_identify(log) by extensions ['ignore', 'ignore_ament_install']
[0.183s] Level 1:colcon.colcon_core.package_identification:_identify(log) by extension 'ignore'
[0.183s] Level 1:colcon.colcon_core.package_identification:_identify(log) ignored
[0.183s] Level 1:colcon.colcon_core.package_identification:_identify(src) by extensions ['ignore', 'ignore_ament_install']
[0.183s] Level 1:colcon.colcon_core.package_identification:_identify(src) by extension 'ignore'
[0.183s] Level 1:colcon.colcon_core.package_identification:_identify(src) by extension 'ignore_ament_install'
[0.183s] Level 1:colcon.colcon_core.package_identification:_identify(src) by extensions ['colcon_pkg']
[0.183s] Level 1:colcon.colcon_core.package_identification:_identify(src) by extension 'colcon_pkg'
[0.183s] Level 1:colcon.colcon_core.package_identification:_identify(src) by extensions ['colcon_meta']
[0.183s] Level 1:colcon.colcon_core.package_identification:_identify(src) by extension 'colcon_meta'
[0.183s] Level 1:colcon.colcon_core.package_identification:_identify(src) by extensions ['ros']
[0.183s] Level 1:colcon.colcon_core.package_identification:_identify(src) by extension 'ros'
[0.183s] Level 1:colcon.colcon_core.package_identification:_identify(src) by extensions ['cmake', 'python']
[0.183s] Level 1:colcon.colcon_core.package_identification:_identify(src) by extension 'cmake'
[0.183s] Level 1:colcon.colcon_core.package_identification:_identify(src) by extension 'python'
[0.183s] Level 1:colcon.colcon_core.package_identification:_identify(src) by extensions ['python_setup_py']
[0.183s] Level 1:colcon.colcon_core.package_identification:_identify(src) by extension 'python_setup_py'
[0.183s] Level 1:colcon.colcon_core.package_identification:_identify(src/arm_bringup) by extensions ['ignore', 'ignore_ament_install']
[0.183s] Level 1:colcon.colcon_core.package_identification:_identify(src/arm_bringup) by extension 'ignore'
[0.183s] Level 1:colcon.colcon_core.package_identification:_identify(src/arm_bringup) by extension 'ignore_ament_install'
[0.183s] Level 1:colcon.colcon_core.package_identification:_identify(src/arm_bringup) by extensions ['colcon_pkg']
[0.183s] Level 1:colcon.colcon_core.package_identification:_identify(src/arm_bringup) by extension 'colcon_pkg'
[0.183s] Level 1:colcon.colcon_core.package_identification:_identify(src/arm_bringup) by extensions ['colcon_meta']
[0.183s] Level 1:colcon.colcon_core.package_identification:_identify(src/arm_bringup) by extension 'colcon_meta'
[0.184s] Level 1:colcon.colcon_core.package_identification:_identify(src/arm_bringup) by extensions ['ros']
[0.184s] Level 1:colcon.colcon_core.package_identification:_identify(src/arm_bringup) by extension 'ros'
[0.191s] DEBUG:colcon.colcon_core.package_identification:Package 'src/arm_bringup' with type 'ros.ament_python' and name 'arm_bringup'
[0.191s] Level 1:colcon.colcon_core.package_identification:_identify(src/arm_control) by extensions ['ignore', 'ignore_ament_install']
[0.191s] Level 1:colcon.colcon_core.package_identification:_identify(src/arm_control) by extension 'ignore'
[0.191s] Level 1:colcon.colcon_core.package_identification:_identify(src/arm_control) by extension 'ignore_ament_install'
[0.191s] Level 1:colcon.colcon_core.package_identification:_identify(src/arm_control) by extensions ['colcon_pkg']
[0.191s] Level 1:colcon.colcon_core.package_identification:_identify(src/arm_control) by extension 'colcon_pkg'
[0.191s] Level 1:colcon.colcon_core.package_identification:_identify(src/arm_control) by extensions ['colcon_meta']
[0.191s] Level 1:colcon.colcon_core.package_identification:_identify(src/arm_control) by extension 'colcon_meta'
[0.191s] Level 1:colcon.colcon_core.package_identification:_identify(src/arm_control) by extensions ['ros']
[0.191s] Level 1:colcon.colcon_core.package_identification:_identify(src/arm_control) by extension 'ros'
[0.191s] DEBUG:colcon.colcon_core.package_identification:Package 'src/arm_control' with type 'ros.ament_cmake' and name 'arm_control'
[0.192s] Level 1:colcon.colcon_core.package_identification:_identify(src/arm_description) by extensions ['ignore', 'ignore_ament_install']
[0.192s] Level 1:colcon.colcon_core.package_identification:_identify(src/arm_description) by extension 'ignore'
[0.192s] Level 1:colcon.colcon_core.package_identification:_identify(src/arm_description) by extension 'ignore_ament_install'
[0.192s] Level 1:colcon.colcon_core.package_identification:_identify(src/arm_description) by extensions ['colcon_pkg']
[0.192s] Level 1:colcon.colcon_core.package_identification:_identify(src/arm_description) by extension 'colcon_pkg'
[0.192s] Level 1:colcon.colcon_core.package_identification:_identify(src/arm_description) by extensions ['colcon_meta']
[0.192s] Level 1:colcon.colcon_core.package_identification:_identify(src/arm_description) by extension 'colcon_meta'
[0.192s] Level 1:colcon.colcon_core.package_identification:_identify(src/arm_description) by extensions ['ros']
[0.192s] Level 1:colcon.colcon_core.package_identification:_identify(src/arm_description) by extension 'ros'
[0.192s] DEBUG:colcon.colcon_core.package_identification:Package 'src/arm_description' with type 'ros.ament_cmake' and name 'arm_description'
[0.192s] Level 1:colcon.colcon_core.package_discovery:discover_packages(recursive) using defaults
[0.192s] Level 1:colcon.colcon_core.package_discovery:discover_packages(ignore) discover
[0.192s] Level 1:colcon.colcon_core.package_discovery:discover_packages(ignore) using defaults
[0.192s] Level 1:colcon.colcon_core.package_discovery:discover_packages(path) discover
[0.192s] Level 1:colcon.colcon_core.package_discovery:discover_packages(path) using defaults
[0.203s] Level 1:colcon.colcon_core.package_discovery:discover_packages(prefix_path) check parameters
[0.203s] Level 1:colcon.colcon_core.package_discovery:discover_packages(prefix_path) discover
[0.204s] DEBUG:colcon.colcon_installed_package_information.package_discovery:Found 3 installed packages in /home/ibrahim/tasc_arm/install
[0.205s] DEBUG:colcon.colcon_installed_package_information.package_discovery:Found 453 installed packages in /opt/ros/humble
[0.207s] Level 1:colcon.colcon_core.package_discovery:discover_packages(prefix_path) using defaults
[0.238s] Level 5:colcon.colcon_core.verb:set package 'arm_bringup' build argument 'cmake_args' from command line to 'None'
[0.238s] Level 5:colcon.colcon_core.verb:set package 'arm_bringup' build argument 'cmake_target' from command line to 'None'
[0.238s] Level 5:colcon.colcon_core.verb:set package 'arm_bringup' build argument 'cmake_target_skip_unavailable' from command line to 'False'
[0.238s] Level 5:colcon.colcon_core.verb:set package 'arm_bringup' build argument 'cmake_clean_cache' from command line to 'False'
[0.238s] Level 5:colcon.colcon_core.verb:set package 'arm_bringup' build argument 'cmake_clean_first' from command line to 'False'
[0.238s] Level 5:colcon.colcon_core.verb:set package 'arm_bringup' build argument 'cmake_force_configure' from command line to 'False'
[0.238s] Level 5:colcon.colcon_core.verb:set package 'arm_bringup' build argument 'ament_cmake_args' from command line to 'None'
[0.238s] Level 5:colcon.colcon_core.verb:set package 'arm_bringup' build argument 'catkin_cmake_args' from command line to 'None'
[0.238s] Level 5:colcon.colcon_core.verb:set package 'arm_bringup' build argument 'catkin_skip_building_tests' from command line to 'False'
[0.238s] DEBUG:colcon.colcon_core.verb:Building package 'arm_bringup' with the following arguments: {'ament_cmake_args': None, 'build_base': '/home/ibrahim/tasc_arm/build/arm_bringup', 'catkin_cmake_args': None, 'catkin_skip_building_tests': False, 'cmake_args': None, 'cmake_clean_cache': False, 'cmake_clean_first': False, 'cmake_force_configure': False, 'cmake_target': None, 'cmake_target_skip_unavailable': False, 'install_base': '/home/ibrahim/tasc_arm/install/arm_bringup', 'merge_install': False, 'path': '/home/ibrahim/tasc_arm/src/arm_bringup', 'symlink_install': True, 'test_result_base': None}
[0.239s] Level 5:colcon.colcon_core.verb:set package 'arm_control' build argument 'cmake_args' from command line to 'None'
[0.239s] Level 5:colcon.colcon_core.verb:set package 'arm_control' build argument 'cmake_target' from command line to 'None'
[0.239s] Level 5:colcon.colcon_core.verb:set package 'arm_control' build argument 'cmake_target_skip_unavailable' from command line to 'False'
[0.239s] Level 5:colcon.colcon_core.verb:set package 'arm_control' build argument 'cmake_clean_cache' from command line to 'False'
[0.239s] Level 5:colcon.colcon_core.verb:set package 'arm_control' build argument 'cmake_clean_first' from command line to 'False'
[0.239s] Level 5:colcon.colcon_core.verb:set package 'arm_control' build argument 'cmake_force_configure' from command line to 'False'
[0.239s] Level 5:colcon.colcon_core.verb:set package 'arm_control' build argument 'ament_cmake_args' from command line to 'None'
[0.239s] Level 5:colcon.colcon_core.verb:set package 'arm_control' build argument 'catkin_cmake_args' from command line to 'None'
[0.239s] Level 5:colcon.colcon_core.verb:set package 'arm_control' build argument 'catkin_skip_building_tests' from command line to 'False'
[0.239s] DEBUG:colcon.colcon_core.verb:Building package 'arm_control' with the following arguments: {'ament_cmake_args': None, 'build_base': '/home/ibrahim/tasc_arm/build/arm_control', 'catkin_cmake_args': None, 'catkin_skip_building_tests': False, 'cmake_args': None, 'cmake_clean_cache': False, 'cmake_clean_first': False, 'cmake_force_configure': False, 'cmake_target': None, 'cmake_target_skip_unavailable': False, 'install_base': '/home/ibrahim/tasc_arm/install/arm_control', 'merge_install': False, 'path': '/home/ibrahim/tasc_arm/src/arm_control', 'symlink_install': True, 'test_result_base': None}
[0.239s] Level 5:colcon.colcon_core.verb:set package 'arm_description' build argument 'cmake_args' from command line to 'None'
[0.239s] Level 5:colcon.colcon_core.verb:set package 'arm_description' build argument 'cmake_target' from command line to 'None'
[0.239s] Level 5:colcon.colcon_core.verb:set package 'arm_description' build argument 'cmake_target_skip_unavailable' from command line to 'False'
[0.239s] Level 5:colcon.colcon_core.verb:set package 'arm_description' build argument 'cmake_clean_cache' from command line to 'False'
[0.239s] Level 5:colcon.colcon_core.verb:set package 'arm_description' build argument 'cmake_clean_first' from command line to 'False'
[0.239s] Level 5:colcon.colcon_core.verb:set package 'arm_description' build argument 'cmake_force_configure' from command line to 'False'
[0.239s] Level 5:colcon.colcon_core.verb:set package 'arm_description' build argument 'ament_cmake_args' from command line to 'None'
[0.239s] Level 5:colcon.colcon_core.verb:set package 'arm_description' build argument 'catkin_cmake_args' from command line to 'None'
[0.239s] Level 5:colcon.colcon_core.verb:set package 'arm_description' build argument 'catkin_skip_building_tests' from command line to 'False'
[0.239s] DEBUG:colcon.colcon_core.verb:Building package 'arm_description' with the following arguments: {'ament_cmake_args': None, 'build_base': '/home/ibrahim/tasc_arm/build/arm_description', 'catkin_cmake_args': None, 'catkin_skip_building_tests': False, 'cmake_args': None, 'cmake_clean_cache': False, 'cmake_clean_first': False, 'cmake_force_configure': False, 'cmake_target': None, 'cmake_target_skip_unavailable': False, 'install_base': '/home/ibrahim/tasc_arm/install/arm_description', 'merge_install': False, 'path': '/home/ibrahim/tasc_arm/src/arm_description', 'symlink_install': True, 'test_result_base': None}
[0.239s] INFO:colcon.colcon_core.executor:Executing jobs using 'parallel' executor
[0.240s] DEBUG:colcon.colcon_parallel_executor.executor.parallel:run_until_complete
[0.240s] INFO:colcon.colcon_ros.task.ament_python.build:Building ROS package in '/home/ibrahim/tasc_arm/src/arm_bringup' with build type 'ament_python'
[0.241s] Level 1:colcon.colcon_core.shell:create_environment_hook('arm_bringup', 'ament_prefix_path')
[0.242s] INFO:colcon.colcon_core.plugin_system:Skipping extension 'colcon_core.shell.bat': Not used on non-Windows systems
[0.242s] INFO:colcon.colcon_core.shell:Creating environment hook '/home/ibrahim/tasc_arm/install/arm_bringup/share/arm_bringup/hook/ament_prefix_path.ps1'
[0.243s] INFO:colcon.colcon_core.shell:Creating environment descriptor '/home/ibrahim/tasc_arm/install/arm_bringup/share/arm_bringup/hook/ament_prefix_path.dsv'
[0.243s] INFO:colcon.colcon_core.shell:Creating environment hook '/home/ibrahim/tasc_arm/install/arm_bringup/share/arm_bringup/hook/ament_prefix_path.sh'
[0.244s] INFO:colcon.colcon_core.shell:Skip shell extension 'powershell' for command environment: Not usable outside of PowerShell
[0.244s] DEBUG:colcon.colcon_core.shell:Skip shell extension 'dsv' for command environment
[0.247s] INFO:colcon.colcon_ros.task.ament_cmake.build:Building ROS package in '/home/ibrahim/tasc_arm/src/arm_control' with build type 'ament_cmake'
[0.247s] INFO:colcon.colcon_cmake.task.cmake.build:Building CMake package in '/home/ibrahim/tasc_arm/src/arm_control'
[0.247s] INFO:colcon.colcon_core.shell:Skip shell extension 'powershell' for command environment: Not usable outside of PowerShell
[0.247s] DEBUG:colcon.colcon_core.shell:Skip shell extension 'dsv' for command environment
[0.250s] INFO:colcon.colcon_ros.task.ament_cmake.build:Building ROS package in '/home/ibrahim/tasc_arm/src/arm_description' with build type 'ament_cmake'
[0.250s] INFO:colcon.colcon_cmake.task.cmake.build:Building CMake package in '/home/ibrahim/tasc_arm/src/arm_description'
[0.250s] INFO:colcon.colcon_core.shell:Skip shell extension 'powershell' for command environment: Not usable outside of PowerShell
[0.250s] DEBUG:colcon.colcon_core.shell:Skip shell extension 'dsv' for command environment
[0.417s] INFO:colcon.colcon_core.task.python.build:Building Python package in '/home/ibrahim/tasc_arm/src/arm_bringup'
[0.418s] INFO:colcon.colcon_core.shell:Skip shell extension 'powershell' for command environment: Not usable outside of PowerShell
[0.418s] DEBUG:colcon.colcon_core.shell:Skip shell extension 'dsv' for command environment
[0.423s] DEBUG:colcon.colcon_core.event_handler.log_command:Invoking command in '/home/ibrahim/tasc_arm/build/arm_control': CMAKE_PREFIX_PATH=${CMAKE_PREFIX_PATH}:/home/ibrahim/tasc_arm/install/arm_bringup:/opt/ros/humble /usr/bin/cmake --build /home/ibrahim/tasc_arm/build/arm_control -- -j4 -l4
[0.430s] DEBUG:colcon.colcon_core.event_handler.log_command:Invoking command in '/home/ibrahim/tasc_arm/build/arm_description': CMAKE_PREFIX_PATH=${CMAKE_PREFIX_PATH}:/home/ibrahim/tasc_arm/install/arm_bringup:/opt/ros/humble /usr/bin/cmake --build /home/ibrahim/tasc_arm/build/arm_description -- -j4 -l4
[0.460s] DEBUG:colcon.colcon_core.event_handler.log_command:Invoked command in '/home/ibrahim/tasc_arm/build/arm_description' returned '0': CMAKE_PREFIX_PATH=${CMAKE_PREFIX_PATH}:/home/ibrahim/tasc_arm/install/arm_bringup:/opt/ros/humble /usr/bin/cmake --build /home/ibrahim/tasc_arm/build/arm_description -- -j4 -l4
[0.467s] DEBUG:colcon.colcon_core.event_handler.log_command:Invoking command in '/home/ibrahim/tasc_arm/build/arm_description': CMAKE_PREFIX_PATH=${CMAKE_PREFIX_PATH}:/home/ibrahim/tasc_arm/install/arm_bringup:/opt/ros/humble /usr/bin/cmake --install /home/ibrahim/tasc_arm/build/arm_description
[0.489s] DEBUG:colcon.colcon_core.event_handler.log_command:Invoked command in '/home/ibrahim/tasc_arm/build/arm_control' returned '0': CMAKE_PREFIX_PATH=${CMAKE_PREFIX_PATH}:/home/ibrahim/tasc_arm/install/arm_bringup:/opt/ros/humble /usr/bin/cmake --build /home/ibrahim/tasc_arm/build/arm_control -- -j4 -l4
[0.489s] DEBUG:colcon.colcon_core.event_handler.log_command:Invoking command in '/home/ibrahim/tasc_arm/build/arm_control': CMAKE_PREFIX_PATH=${CMAKE_PREFIX_PATH}:/home/ibrahim/tasc_arm/install/arm_bringup:/opt/ros/humble /usr/bin/cmake --install /home/ibrahim/tasc_arm/build/arm_control
[0.493s] Level 1:colcon.colcon_core.environment:create_environment_scripts_only(arm_description)
[0.494s] Level 1:colcon.colcon_core.environment:checking '/home/ibrahim/tasc_arm/install/arm_description' for CMake module files
[0.497s] Level 1:colcon.colcon_core.environment:checking '/home/ibrahim/tasc_arm/install/arm_description' for CMake config files
[0.497s] Level 1:colcon.colcon_core.shell:create_environment_hook('arm_description', 'cmake_prefix_path')
[0.497s] INFO:colcon.colcon_core.shell:Creating environment hook '/home/ibrahim/tasc_arm/install/arm_description/share/arm_description/hook/cmake_prefix_path.ps1'
[0.498s] INFO:colcon.colcon_core.shell:Creating environment descriptor '/home/ibrahim/tasc_arm/install/arm_description/share/arm_description/hook/cmake_prefix_path.dsv'
[0.498s] INFO:colcon.colcon_core.shell:Creating environment hook '/home/ibrahim/tasc_arm/install/arm_description/share/arm_description/hook/cmake_prefix_path.sh'
[0.501s] Level 1:colcon.colcon_core.environment:checking '/home/ibrahim/tasc_arm/install/arm_description/bin'
[0.501s] Level 1:colcon.colcon_core.environment:checking '/home/ibrahim/tasc_arm/install/arm_description/lib/pkgconfig/arm_description.pc'
[0.501s] Level 1:colcon.colcon_core.environment:checking '/home/ibrahim/tasc_arm/install/arm_description/lib/python3.10/site-packages'
[0.501s] Level 1:colcon.colcon_core.environment:checking '/home/ibrahim/tasc_arm/install/arm_description/bin'
[0.501s] INFO:colcon.colcon_core.shell:Creating package script '/home/ibrahim/tasc_arm/install/arm_description/share/arm_description/package.ps1'
[0.502s] INFO:colcon.colcon_core.shell:Creating package descriptor '/home/ibrahim/tasc_arm/install/arm_description/share/arm_description/package.dsv'
[0.502s] INFO:colcon.colcon_core.shell:Creating package script '/home/ibrahim/tasc_arm/install/arm_description/share/arm_description/package.sh'
[0.503s] INFO:colcon.colcon_core.shell:Creating package script '/home/ibrahim/tasc_arm/install/arm_description/share/arm_description/package.bash'
[0.503s] INFO:colcon.colcon_core.shell:Creating package script '/home/ibrahim/tasc_arm/install/arm_description/share/arm_description/package.zsh'
[0.504s] DEBUG:colcon.colcon_core.event_handler.log_command:Invoked command in '/home/ibrahim/tasc_arm/build/arm_description' returned '0': CMAKE_PREFIX_PATH=${CMAKE_PREFIX_PATH}:/home/ibrahim/tasc_arm/install/arm_bringup:/opt/ros/humble /usr/bin/cmake --install /home/ibrahim/tasc_arm/build/arm_description
[0.504s] Level 1:colcon.colcon_core.environment:create_file_with_runtime_dependencies(/home/ibrahim/tasc_arm/install/arm_description/share/colcon-core/packages/arm_description)
[0.505s] Level 1:colcon.colcon_core.environment:create_environment_scripts_only(arm_description)
[0.505s] Level 1:colcon.colcon_core.environment:checking '/home/ibrahim/tasc_arm/install/arm_description' for CMake module files
[0.505s] Level 1:colcon.colcon_core.environment:checking '/home/ibrahim/tasc_arm/install/arm_description' for CMake config files
[0.505s] Level 1:colcon.colcon_core.shell:create_environment_hook('arm_description', 'cmake_prefix_path')
[0.505s] INFO:colcon.colcon_core.shell:Creating environment hook '/home/ibrahim/tasc_arm/install/arm_description/share/arm_description/hook/cmake_prefix_path.ps1'
[0.506s] INFO:colcon.colcon_core.shell:Creating environment descriptor '/home/ibrahim/tasc_arm/install/arm_description/share/arm_description/hook/cmake_prefix_path.dsv'
[0.506s] INFO:colcon.colcon_core.shell:Creating environment hook '/home/ibrahim/tasc_arm/install/arm_description/share/arm_description/hook/cmake_prefix_path.sh'
[0.507s] Level 1:colcon.colcon_core.environment:checking '/home/ibrahim/tasc_arm/install/arm_description/bin'
[0.507s] Level 1:colcon.colcon_core.environment:checking '/home/ibrahim/tasc_arm/install/arm_description/lib/pkgconfig/arm_description.pc'
[0.507s] Level 1:colcon.colcon_core.environment:checking '/home/ibrahim/tasc_arm/install/arm_description/lib/python3.10/site-packages'
[0.507s] Level 1:colcon.colcon_core.environment:checking '/home/ibrahim/tasc_arm/install/arm_description/bin'
[0.507s] INFO:colcon.colcon_core.shell:Creating package script '/home/ibrahim/tasc_arm/install/arm_description/share/arm_description/package.ps1'
[0.509s] INFO:colcon.colcon_core.shell:Creating package descriptor '/home/ibrahim/tasc_arm/install/arm_description/share/arm_description/package.dsv'
[0.510s] INFO:colcon.colcon_core.shell:Creating package script '/home/ibrahim/tasc_arm/install/arm_description/share/arm_description/package.sh'
[0.511s] INFO:colcon.colcon_core.shell:Creating package script '/home/ibrahim/tasc_arm/install/arm_description/share/arm_description/package.bash'
[0.511s] INFO:colcon.colcon_core.shell:Creating package script '/home/ibrahim/tasc_arm/install/arm_description/share/arm_description/package.zsh'
[0.511s] Level 1:colcon.colcon_core.environment:create_file_with_runtime_dependencies(/home/ibrahim/tasc_arm/install/arm_description/share/colcon-core/packages/arm_description)
[0.519s] Level 1:colcon.colcon_core.environment:create_environment_scripts_only(arm_control)
[0.519s] Level 1:colcon.colcon_core.environment:checking '/home/ibrahim/tasc_arm/install/arm_control' for CMake module files
[0.519s] DEBUG:colcon.colcon_core.event_handler.log_command:Invoked command in '/home/ibrahim/tasc_arm/build/arm_control' returned '0': CMAKE_PREFIX_PATH=${CMAKE_PREFIX_PATH}:/home/ibrahim/tasc_arm/install/arm_bringup:/opt/ros/humble /usr/bin/cmake --install /home/ibrahim/tasc_arm/build/arm_control
[0.519s] Level 1:colcon.colcon_core.environment:checking '/home/ibrahim/tasc_arm/install/arm_control' for CMake config files
[0.520s] Level 1:colcon.colcon_core.shell:create_environment_hook('arm_control', 'cmake_prefix_path')
[0.520s] INFO:colcon.colcon_core.shell:Creating environment hook '/home/ibrahim/tasc_arm/install/arm_control/share/arm_control/hook/cmake_prefix_path.ps1'
[0.520s] INFO:colcon.colcon_core.shell:Creating environment descriptor '/home/ibrahim/tasc_arm/install/arm_control/share/arm_control/hook/cmake_prefix_path.dsv'
[0.521s] INFO:colcon.colcon_core.shell:Creating environment hook '/home/ibrahim/tasc_arm/install/arm_control/share/arm_control/hook/cmake_prefix_path.sh'
[0.521s] Level 1:colcon.colcon_core.environment:checking '/home/ibrahim/tasc_arm/install/arm_control/lib'
[0.521s] Level 1:colcon.colcon_core.shell:create_environment_hook('arm_control', 'ld_library_path_lib')
[0.521s] INFO:colcon.colcon_core.shell:Creating environment hook '/home/ibrahim/tasc_arm/install/arm_control/share/arm_control/hook/ld_library_path_lib.ps1'
[0.522s] INFO:colcon.colcon_core.shell:Creating environment descriptor '/home/ibrahim/tasc_arm/install/arm_control/share/arm_control/hook/ld_library_path_lib.dsv'
[0.522s] INFO:colcon.colcon_core.shell:Creating environment hook '/home/ibrahim/tasc_arm/install/arm_control/share/arm_control/hook/ld_library_path_lib.sh'
[0.523s] Level 1:colcon.colcon_core.environment:checking '/home/ibrahim/tasc_arm/install/arm_control/bin'
[0.523s] Level 1:colcon.colcon_core.environment:checking '/home/ibrahim/tasc_arm/install/arm_control/lib/pkgconfig/arm_control.pc'
[0.523s] Level 1:colcon.colcon_core.environment:checking '/home/ibrahim/tasc_arm/install/arm_control/lib/python3.10/site-packages'
[0.523s] Level 1:colcon.colcon_core.shell:create_environment_hook('arm_control', 'pythonpath')
[0.523s] INFO:colcon.colcon_core.shell:Creating environment hook '/home/ibrahim/tasc_arm/install/arm_control/share/arm_control/hook/pythonpath.ps1'
[0.523s] INFO:colcon.colcon_core.shell:Creating environment descriptor '/home/ibrahim/tasc_arm/install/arm_control/share/arm_control/hook/pythonpath.dsv'
[0.524s] INFO:colcon.colcon_core.shell:Creating environment hook '/home/ibrahim/tasc_arm/install/arm_control/share/arm_control/hook/pythonpath.sh'
[0.524s] Level 1:colcon.colcon_core.environment:checking '/home/ibrahim/tasc_arm/install/arm_control/bin'
[0.524s] INFO:colcon.colcon_core.shell:Creating package script '/home/ibrahim/tasc_arm/install/arm_control/share/arm_control/package.ps1'
[0.525s] INFO:colcon.colcon_core.shell:Creating package descriptor '/home/ibrahim/tasc_arm/install/arm_control/share/arm_control/package.dsv'
[0.525s] INFO:colcon.colcon_core.shell:Creating package script '/home/ibrahim/tasc_arm/install/arm_control/share/arm_control/package.sh'
[0.526s] INFO:colcon.colcon_core.shell:Creating package script '/home/ibrahim/tasc_arm/install/arm_control/share/arm_control/package.bash'
[0.526s] INFO:colcon.colcon_core.shell:Creating package script '/home/ibrahim/tasc_arm/install/arm_control/share/arm_control/package.zsh'
[0.526s] Level 1:colcon.colcon_core.environment:create_file_with_runtime_dependencies(/home/ibrahim/tasc_arm/install/arm_control/share/colcon-core/packages/arm_control)
[0.527s] Level 1:colcon.colcon_core.environment:create_environment_scripts_only(arm_control)
[0.527s] Level 1:colcon.colcon_core.environment:checking '/home/ibrahim/tasc_arm/install/arm_control' for CMake module files
[0.527s] Level 1:colcon.colcon_core.environment:checking '/home/ibrahim/tasc_arm/install/arm_control' for CMake config files
[0.527s] Level 1:colcon.colcon_core.shell:create_environment_hook('arm_control', 'cmake_prefix_path')
[0.528s] INFO:colcon.colcon_core.shell:Creating environment hook '/home/ibrahim/tasc_arm/install/arm_control/share/arm_control/hook/cmake_prefix_path.ps1'
[0.528s] INFO:colcon.colcon_core.shell:Creating environment descriptor '/home/ibrahim/tasc_arm/install/arm_control/share/arm_control/hook/cmake_prefix_path.dsv'
[0.528s] INFO:colcon.colcon_core.shell:Creating environment hook '/home/ibrahim/tasc_arm/install/arm_control/share/arm_control/hook/cmake_prefix_path.sh'
[0.529s] Level 1:colcon.colcon_core.environment:checking '/home/ibrahim/tasc_arm/install/arm_control/lib'
[0.529s] Level 1:colcon.colcon_core.shell:create_environment_hook('arm_control', 'ld_library_path_lib')
[0.529s] INFO:colcon.colcon_core.shell:Creating environment hook '/home/ibrahim/tasc_arm/install/arm_control/share/arm_control/hook/ld_library_path_lib.ps1'
[0.529s] INFO:colcon.colcon_core.shell:Creating environment descriptor '/home/ibrahim/tasc_arm/install/arm_control/share/arm_control/hook/ld_library_path_lib.dsv'
[0.530s] INFO:colcon.colcon_core.shell:Creating environment hook '/home/ibrahim/tasc_arm/install/arm_control/share/arm_control/hook/ld_library_path_lib.sh'
[0.530s] Level 1:colcon.colcon_core.environment:checking '/home/ibrahim/tasc_arm/install/arm_control/bin'
[0.530s] Level 1:colcon.colcon_core.environment:checking '/home/ibrahim/tasc_arm/install/arm_control/lib/pkgconfig/arm_control.pc'
[0.530s] Level 1:colcon.colcon_core.environment:checking '/home/ibrahim/tasc_arm/install/arm_control/lib/python3.10/site-packages'
[0.530s] Level 1:colcon.colcon_core.shell:create_environment_hook('arm_control', 'pythonpath')
[0.530s] INFO:colcon.colcon_core.shell:Creating environment hook '/home/ibrahim/tasc_arm/install/arm_control/share/arm_control/hook/pythonpath.ps1'
[0.531s] INFO:colcon.colcon_core.shell:Creating environment descriptor '/home/ibrahim/tasc_arm/install/arm_control/share/arm_control/hook/pythonpath.dsv'
[0.531s] INFO:colcon.colcon_core.shell:Creating environment hook '/home/ibrahim/tasc_arm/install/arm_control/share/arm_control/hook/pythonpath.sh'
[0.532s] Level 1:colcon.colcon_core.environment:checking '/home/ibrahim/tasc_arm/install/arm_control/bin'
[0.532s] INFO:colcon.colcon_core.shell:Creating package script '/home/ibrahim/tasc_arm/install/arm_control/share/arm_control/package.ps1'
[0.532s] INFO:colcon.colcon_core.shell:Creating package descriptor '/home/ibrahim/tasc_arm/install/arm_control/share/arm_control/package.dsv'
[0.533s] INFO:colcon.colcon_core.shell:Creating package script '/home/ibrahim/tasc_arm/install/arm_control/share/arm_control/package.sh'
[0.533s] INFO:colcon.colcon_core.shell:Creating package script '/home/ibrahim/tasc_arm/install/arm_control/share/arm_control/package.bash'
[0.534s] INFO:colcon.colcon_core.shell:Creating package script '/home/ibrahim/tasc_arm/install/arm_control/share/arm_control/package.zsh'
[0.534s] Level 1:colcon.colcon_core.environment:create_file_with_runtime_dependencies(/home/ibrahim/tasc_arm/install/arm_control/share/colcon-core/packages/arm_control)
[0.682s] DEBUG:colcon.colcon_core.event_handler.log_command:Invoking command in '/home/ibrahim/tasc_arm/build/arm_bringup': PYTHONPATH=/home/ibrahim/tasc_arm/build/arm_bringup/prefix_override:/usr/lib/python3/dist-packages/colcon_core/task/python/colcon_distutils_commands:/home/ibrahim/tasc_arm/install/arm_bringup/lib/python3.10/site-packages:${PYTHONPATH} /usr/bin/python3 -W ignore:setup.py install is deprecated -W ignore:easy_install command is deprecated setup.py develop --editable --build-directory /home/ibrahim/tasc_arm/build/arm_bringup/build --no-deps symlink_data
[1.000s] Level 1:colcon.colcon_core.shell:create_environment_hook('arm_bringup', 'pythonpath_develop')
[1.001s] INFO:colcon.colcon_core.shell:Creating environment hook '/home/ibrahim/tasc_arm/build/arm_bringup/share/arm_bringup/hook/pythonpath_develop.ps1'
[1.001s] DEBUG:colcon.colcon_core.event_handler.log_command:Invoked command in '/home/ibrahim/tasc_arm/build/arm_bringup' returned '0': PYTHONPATH=/home/ibrahim/tasc_arm/build/arm_bringup/prefix_override:/usr/lib/python3/dist-packages/colcon_core/task/python/colcon_distutils_commands:/home/ibrahim/tasc_arm/install/arm_bringup/lib/python3.10/site-packages:${PYTHONPATH} /usr/bin/python3 -W ignore:setup.py install is deprecated -W ignore:easy_install command is deprecated setup.py develop --editable --build-directory /home/ibrahim/tasc_arm/build/arm_bringup/build --no-deps symlink_data
[1.002s] INFO:colcon.colcon_core.shell:Creating environment descriptor '/home/ibrahim/tasc_arm/build/arm_bringup/share/arm_bringup/hook/pythonpath_develop.dsv'
[1.002s] INFO:colcon.colcon_core.shell:Creating environment hook '/home/ibrahim/tasc_arm/build/arm_bringup/share/arm_bringup/hook/pythonpath_develop.sh'
[1.003s] Level 1:colcon.colcon_core.environment:checking '/home/ibrahim/tasc_arm/install/arm_bringup' for CMake module files
[1.003s] Level 1:colcon.colcon_core.environment:checking '/home/ibrahim/tasc_arm/install/arm_bringup' for CMake config files
[1.003s] Level 1:colcon.colcon_core.environment:checking '/home/ibrahim/tasc_arm/install/arm_bringup/lib'
[1.003s] Level 1:colcon.colcon_core.environment:checking '/home/ibrahim/tasc_arm/install/arm_bringup/bin'
[1.003s] Level 1:colcon.colcon_core.environment:checking '/home/ibrahim/tasc_arm/install/arm_bringup/lib/pkgconfig/arm_bringup.pc'
[1.003s] Level 1:colcon.colcon_core.environment:checking '/home/ibrahim/tasc_arm/install/arm_bringup/lib/python3.10/site-packages'
[1.003s] Level 1:colcon.colcon_core.shell:create_environment_hook('arm_bringup', 'pythonpath')
[1.004s] INFO:colcon.colcon_core.shell:Creating environment hook '/home/ibrahim/tasc_arm/install/arm_bringup/share/arm_bringup/hook/pythonpath.ps1'
[1.004s] INFO:colcon.colcon_core.shell:Creating environment descriptor '/home/ibrahim/tasc_arm/install/arm_bringup/share/arm_bringup/hook/pythonpath.dsv'
[1.004s] INFO:colcon.colcon_core.shell:Creating environment hook '/home/ibrahim/tasc_arm/install/arm_bringup/share/arm_bringup/hook/pythonpath.sh'
[1.005s] Level 1:colcon.colcon_core.environment:checking '/home/ibrahim/tasc_arm/install/arm_bringup/bin'
[1.005s] Level 1:colcon.colcon_core.environment:create_environment_scripts_only(arm_bringup)
[1.005s] INFO:colcon.colcon_core.shell:Creating package script '/home/ibrahim/tasc_arm/install/arm_bringup/share/arm_bringup/package.ps1'
[1.005s] INFO:colcon.colcon_core.shell:Creating package descriptor '/home/ibrahim/tasc_arm/install/arm_bringup/share/arm_bringup/package.dsv'
[1.006s] INFO:colcon.colcon_core.shell:Creating package script '/home/ibrahim/tasc_arm/install/arm_bringup/share/arm_bringup/package.sh'
[1.006s] INFO:colcon.colcon_core.shell:Creating package script '/home/ibrahim/tasc_arm/install/arm_bringup/share/arm_bringup/package.bash'
[1.007s] INFO:colcon.colcon_core.shell:Creating package script '/home/ibrahim/tasc_arm/install/arm_bringup/share/arm_bringup/package.zsh'
[1.007s] Level 1:colcon.colcon_core.environment:create_file_with_runtime_dependencies(/home/ibrahim/tasc_arm/install/arm_bringup/share/colcon-core/packages/arm_bringup)
[1.007s] DEBUG:colcon.colcon_parallel_executor.executor.parallel:closing loop
[1.007s] DEBUG:colcon.colcon_parallel_executor.executor.parallel:loop closed
[1.007s] DEBUG:colcon.colcon_parallel_executor.executor.parallel:run_until_complete finished with '0'
[1.007s] DEBUG:colcon.colcon_core.event_reactor:joining thread
[1.012s] INFO:colcon.colcon_core.plugin_system:Skipping extension 'colcon_notification.desktop_notification.terminal_notifier': Not used on non-Darwin systems
[1.012s] INFO:colcon.colcon_core.plugin_system:Skipping extension 'colcon_notification.desktop_notification.win32': Not used on non-Windows systems
[1.012s] INFO:colcon.colcon_notification.desktop_notification:Sending desktop notification using 'notify2'
[1.024s] DEBUG:colcon.colcon_core.event_reactor:joined thread
[1.024s] INFO:colcon.colcon_core.shell:Creating prefix script '/home/ibrahim/tasc_arm/install/local_setup.ps1'
[1.025s] INFO:colcon.colcon_core.shell:Creating prefix util module '/home/ibrahim/tasc_arm/install/_local_setup_util_ps1.py'
[1.026s] INFO:colcon.colcon_core.shell:Creating prefix chain script '/home/ibrahim/tasc_arm/install/setup.ps1'
[1.027s] INFO:colcon.colcon_core.shell:Creating prefix script '/home/ibrahim/tasc_arm/install/local_setup.sh'
[1.027s] INFO:colcon.colcon_core.shell:Creating prefix util module '/home/ibrahim/tasc_arm/install/_local_setup_util_sh.py'
[1.028s] INFO:colcon.colcon_core.shell:Creating prefix chain script '/home/ibrahim/tasc_arm/install/setup.sh'
[1.028s] INFO:colcon.colcon_core.shell:Creating prefix script '/home/ibrahim/tasc_arm/install/local_setup.bash'
[1.029s] INFO:colcon.colcon_core.shell:Creating prefix chain script '/home/ibrahim/tasc_arm/install/setup.bash'
[1.030s] INFO:colcon.colcon_core.shell:Creating prefix script '/home/ibrahim/tasc_arm/install/local_setup.zsh'
[1.030s] INFO:colcon.colcon_core.shell:Creating prefix chain script '/home/ibrahim/tasc_arm/install/setup.zsh'
