[0.169s] Invoking command in '/home/ibrahim/tasc_arm/build/phidgets_hardware': CMAKE_PREFIX_PATH=/opt/ros/humble /usr/bin/cmake --build /home/ibrahim/tasc_arm/build/phidgets_hardware -- -j4 -l4
[0.211s] [ 50%] [32mBuilding CXX object CMakeFiles/phidgets_hardware.dir/src/phidgets_stepper_hardware.cpp.o[0m
[4.153s] [100%] [32m[1mLinking CXX shared library libphidgets_hardware.so[0m
[5.063s] [100%] Built target phidgets_hardware
[5.075s] Invoked command in '/home/ibrahim/tasc_arm/build/phidgets_hardware' returned '0': CMAKE_PREFIX_PATH=/opt/ros/humble /usr/bin/cmake --build /home/ibrahim/tasc_arm/build/phidgets_hardware -- -j4 -l4
[5.076s] Invoking command in '/home/ibrahim/tasc_arm/build/phidgets_hardware': CMAKE_PREFIX_PATH=/opt/ros/humble /usr/bin/cmake --install /home/ibrahim/tasc_arm/build/phidgets_hardware
[5.084s] -- Install configuration: ""
[5.084s] -- Installing: /home/ibrahim/tasc_arm/install/phidgets_hardware/share/phidgets_hardware/phidgets_hardware_plugin.xml
[5.084s] -- Installing: /home/ibrahim/tasc_arm/install/phidgets_hardware/lib/libphidgets_hardware.so
[5.084s] -- Set runtime path of "/home/ibrahim/tasc_arm/install/phidgets_hardware/lib/libphidgets_hardware.so" to ""
[5.084s] -- Installing: /home/ibrahim/tasc_arm/install/phidgets_hardware/include
[5.085s] -- Installing: /home/ibrahim/tasc_arm/install/phidgets_hardware/include/phidgets_hardware
[5.085s] -- Installing: /home/ibrahim/tasc_arm/install/phidgets_hardware/include/phidgets_hardware/phidgets_stepper_hardware.hpp
[5.085s] -- Installing: /home/ibrahim/tasc_arm/install/phidgets_hardware/share/phidgets_hardware/description
[5.085s] -- Installing: /home/ibrahim/tasc_arm/install/phidgets_hardware/share/phidgets_hardware/description/phidgets_single_motor.urdf.xacro
[5.085s] -- Installing: /home/ibrahim/tasc_arm/install/phidgets_hardware/share/phidgets_hardware/config
[5.085s] -- Installing: /home/ibrahim/tasc_arm/install/phidgets_hardware/share/phidgets_hardware/config/ros2_control_controllers.yaml
[5.085s] -- Installing: /home/ibrahim/tasc_arm/install/phidgets_hardware/share/phidgets_hardware/launch
[5.085s] -- Installing: /home/ibrahim/tasc_arm/install/phidgets_hardware/share/phidgets_hardware/launch/bringup_single_motor.launch.py
[5.085s] -- Up-to-date: /home/ibrahim/tasc_arm/install/phidgets_hardware/share/phidgets_hardware/phidgets_hardware_plugin.xml
[5.085s] -- Installing: /home/ibrahim/tasc_arm/install/phidgets_hardware/share/ament_index/resource_index/package_run_dependencies/phidgets_hardware
[5.085s] -- Installing: /home/ibrahim/tasc_arm/install/phidgets_hardware/share/ament_index/resource_index/parent_prefix_path/phidgets_hardware
[5.086s] -- Installing: /home/ibrahim/tasc_arm/install/phidgets_hardware/share/phidgets_hardware/environment/ament_prefix_path.sh
[5.086s] -- Installing: /home/ibrahim/tasc_arm/install/phidgets_hardware/share/phidgets_hardware/environment/ament_prefix_path.dsv
[5.086s] -- Installing: /home/ibrahim/tasc_arm/install/phidgets_hardware/share/phidgets_hardware/environment/path.sh
[5.086s] -- Installing: /home/ibrahim/tasc_arm/install/phidgets_hardware/share/phidgets_hardware/environment/path.dsv
[5.086s] -- Installing: /home/ibrahim/tasc_arm/install/phidgets_hardware/share/phidgets_hardware/local_setup.bash
[5.086s] -- Installing: /home/ibrahim/tasc_arm/install/phidgets_hardware/share/phidgets_hardware/local_setup.sh
[5.086s] -- Installing: /home/ibrahim/tasc_arm/install/phidgets_hardware/share/phidgets_hardware/local_setup.zsh
[5.086s] -- Installing: /home/ibrahim/tasc_arm/install/phidgets_hardware/share/phidgets_hardware/local_setup.dsv
[5.086s] -- Installing: /home/ibrahim/tasc_arm/install/phidgets_hardware/share/phidgets_hardware/package.dsv
[5.086s] -- Installing: /home/ibrahim/tasc_arm/install/phidgets_hardware/share/ament_index/resource_index/packages/phidgets_hardware
[5.086s] -- Installing: /home/ibrahim/tasc_arm/install/phidgets_hardware/share/ament_index/resource_index/hardware_interface__pluginlib__plugin/phidgets_hardware
[5.087s] -- Installing: /home/ibrahim/tasc_arm/install/phidgets_hardware/share/phidgets_hardware/cmake/phidgets_hardwareConfig.cmake
[5.087s] -- Installing: /home/ibrahim/tasc_arm/install/phidgets_hardware/share/phidgets_hardware/cmake/phidgets_hardwareConfig-version.cmake
[5.088s] -- Installing: /home/ibrahim/tasc_arm/install/phidgets_hardware/share/phidgets_hardware/package.xml
[5.089s] Invoked command in '/home/ibrahim/tasc_arm/build/phidgets_hardware' returned '0': CMAKE_PREFIX_PATH=/opt/ros/humble /usr/bin/cmake --install /home/ibrahim/tasc_arm/build/phidgets_hardware
