[0.380s] Invoking command in '/home/ibrahim/tasc_arm/build/arm_description': CMAKE_PREFIX_PATH=${CMAKE_PREFIX_PATH}:/home/ibrahim/tasc_arm/install/arm_control:/home/ibrahim/tasc_arm/install/arm_bringup:/home/ibrahim/arm_ws/install/mini_arm_teleop:/home/ibrahim/arm_ws/install/arm_teleop:/home/ibrahim/install/turtlebot3_ps4_controller:/home/ibrahim/install/phidget_arm_control:/home/ibrahim/install/joy_tester:/home/ibrahim/install/fk_test:/home/ibrahim/install/controller:/opt/ros/humble /usr/bin/cmake --build /home/ibrahim/tasc_arm/build/arm_description -- -j4 -l4
[0.424s] Invoked command in '/home/ibrahim/tasc_arm/build/arm_description' returned '0': CMAKE_PREFIX_PATH=${CMAKE_PREFIX_PATH}:/home/ibrahim/tasc_arm/install/arm_control:/home/ibrahim/tasc_arm/install/arm_bringup:/home/ibrahim/arm_ws/install/mini_arm_teleop:/home/ibrahim/arm_ws/install/arm_teleop:/home/ibrahim/install/turtlebot3_ps4_controller:/home/ibrahim/install/phidget_arm_control:/home/ibrahim/install/joy_tester:/home/ibrahim/install/fk_test:/home/ibrahim/install/controller:/opt/ros/humble /usr/bin/cmake --build /home/ibrahim/tasc_arm/build/arm_description -- -j4 -l4
[0.437s] Invoking command in '/home/ibrahim/tasc_arm/build/arm_description': CMAKE_PREFIX_PATH=${CMAKE_PREFIX_PATH}:/home/ibrahim/tasc_arm/install/arm_control:/home/ibrahim/tasc_arm/install/arm_bringup:/home/ibrahim/arm_ws/install/mini_arm_teleop:/home/ibrahim/arm_ws/install/arm_teleop:/home/ibrahim/install/turtlebot3_ps4_controller:/home/ibrahim/install/phidget_arm_control:/home/ibrahim/install/joy_tester:/home/ibrahim/install/fk_test:/home/ibrahim/install/controller:/opt/ros/humble /usr/bin/cmake --install /home/ibrahim/tasc_arm/build/arm_description
[0.445s] -- Install configuration: ""
[0.445s] -- Execute custom install script
[0.445s] -- Up-to-date symlink: /home/ibrahim/tasc_arm/install/arm_description/share/ament_index/resource_index/package_run_dependencies/arm_description
[0.445s] -- Up-to-date symlink: /home/ibrahim/tasc_arm/install/arm_description/share/ament_index/resource_index/parent_prefix_path/arm_description
[0.445s] -- Up-to-date symlink: /home/ibrahim/tasc_arm/install/arm_description/share/arm_description/environment/ament_prefix_path.sh
[0.445s] -- Up-to-date symlink: /home/ibrahim/tasc_arm/install/arm_description/share/arm_description/environment/ament_prefix_path.dsv
[0.445s] -- Up-to-date symlink: /home/ibrahim/tasc_arm/install/arm_description/share/arm_description/environment/path.sh
[0.445s] -- Up-to-date symlink: /home/ibrahim/tasc_arm/install/arm_description/share/arm_description/environment/path.dsv
[0.445s] -- Up-to-date symlink: /home/ibrahim/tasc_arm/install/arm_description/share/arm_description/local_setup.bash
[0.445s] -- Up-to-date symlink: /home/ibrahim/tasc_arm/install/arm_description/share/arm_description/local_setup.sh
[0.445s] -- Up-to-date symlink: /home/ibrahim/tasc_arm/install/arm_description/share/arm_description/local_setup.zsh
[0.445s] -- Up-to-date symlink: /home/ibrahim/tasc_arm/install/arm_description/share/arm_description/local_setup.dsv
[0.445s] -- Symlinking: /home/ibrahim/tasc_arm/install/arm_description/share/arm_description/package.dsv
[0.458s] -- Up-to-date symlink: /home/ibrahim/tasc_arm/install/arm_description/share/ament_index/resource_index/packages/arm_description
[0.458s] -- Up-to-date symlink: /home/ibrahim/tasc_arm/install/arm_description/share/arm_description/cmake/arm_descriptionConfig.cmake
[0.458s] -- Up-to-date symlink: /home/ibrahim/tasc_arm/install/arm_description/share/arm_description/cmake/arm_descriptionConfig-version.cmake
[0.458s] -- Up-to-date symlink: /home/ibrahim/tasc_arm/install/arm_description/share/arm_description/package.xml
[0.459s] Invoked command in '/home/ibrahim/tasc_arm/build/arm_description' returned '0': CMAKE_PREFIX_PATH=${CMAKE_PREFIX_PATH}:/home/ibrahim/tasc_arm/install/arm_control:/home/ibrahim/tasc_arm/install/arm_bringup:/home/ibrahim/arm_ws/install/mini_arm_teleop:/home/ibrahim/arm_ws/install/arm_teleop:/home/ibrahim/install/turtlebot3_ps4_controller:/home/ibrahim/install/phidget_arm_control:/home/ibrahim/install/joy_tester:/home/ibrahim/install/fk_test:/home/ibrahim/install/controller:/opt/ros/humble /usr/bin/cmake --install /home/ibrahim/tasc_arm/build/arm_description
