[0.323s] Invoking command in '/home/ibrahim/tasc_arm/build/arm_description': CMAKE_PREFIX_PATH=${CMAKE_PREFIX_PATH}:/home/ibrahim/tasc_arm/install/arm_control:/home/ibrahim/tasc_arm/install/arm_bringup:/opt/ros/humble /usr/bin/cmake /home/ibrahim/tasc_arm/src/arm_description -DAMENT_CMAKE_SYMLINK_INSTALL=1 -DCMAKE_INSTALL_PREFIX=/home/ibrahim/tasc_arm/install/arm_description
[0.333s] -- Found ament_cmake: 1.3.12 (/opt/ros/humble/share/ament_cmake/cmake)
[0.417s] -- Override CMake install command with custom implementation using symlinks instead of copying resources
[0.419s] -- Found ament_lint_auto: 0.12.14 (/opt/ros/humble/share/ament_lint_auto/cmake)
[0.465s] -- Added test 'lint_cmake' to check CMake code style
[0.466s] -- Added test 'xmllint' to check XML markup files
[0.467s] -- Configuring done
[0.470s] -- Generating done
[0.472s] -- Build files have been written to: /home/ibrahim/tasc_arm/build/arm_description
[0.481s] Invoked command in '/home/ibrahim/tasc_arm/build/arm_description' returned '0': CMAKE_PREFIX_PATH=${CMAKE_PREFIX_PATH}:/home/ibrahim/tasc_arm/install/arm_control:/home/ibrahim/tasc_arm/install/arm_bringup:/opt/ros/humble /usr/bin/cmake /home/ibrahim/tasc_arm/src/arm_description -DAMENT_CMAKE_SYMLINK_INSTALL=1 -DCMAKE_INSTALL_PREFIX=/home/ibrahim/tasc_arm/install/arm_description
[0.481s] Invoking command in '/home/ibrahim/tasc_arm/build/arm_description': CMAKE_PREFIX_PATH=${CMAKE_PREFIX_PATH}:/home/ibrahim/tasc_arm/install/arm_control:/home/ibrahim/tasc_arm/install/arm_bringup:/opt/ros/humble /usr/bin/cmake --build /home/ibrahim/tasc_arm/build/arm_description -- -j4 -l4
[0.511s] Invoked command in '/home/ibrahim/tasc_arm/build/arm_description' returned '0': CMAKE_PREFIX_PATH=${CMAKE_PREFIX_PATH}:/home/ibrahim/tasc_arm/install/arm_control:/home/ibrahim/tasc_arm/install/arm_bringup:/opt/ros/humble /usr/bin/cmake --build /home/ibrahim/tasc_arm/build/arm_description -- -j4 -l4
[0.523s] Invoking command in '/home/ibrahim/tasc_arm/build/arm_description': CMAKE_PREFIX_PATH=${CMAKE_PREFIX_PATH}:/home/ibrahim/tasc_arm/install/arm_control:/home/ibrahim/tasc_arm/install/arm_bringup:/opt/ros/humble /usr/bin/cmake --install /home/ibrahim/tasc_arm/build/arm_description
[0.527s] -- Install configuration: ""
[0.528s] -- Execute custom install script
[0.528s] -- Up-to-date symlink: /home/ibrahim/tasc_arm/install/arm_description/share/arm_description/urdf/mini_arm.urdf
[0.528s] -- Up-to-date symlink: /home/ibrahim/tasc_arm/install/arm_description/share/arm_description/meshes/anchor_left.STL
[0.529s] -- Up-to-date symlink: /home/ibrahim/tasc_arm/install/arm_description/share/arm_description/meshes/anchor_right.STL
[0.529s] -- Up-to-date symlink: /home/ibrahim/tasc_arm/install/arm_description/share/arm_description/meshes/base_link.STL
[0.529s] -- Up-to-date symlink: /home/ibrahim/tasc_arm/install/arm_description/share/arm_description/meshes/base_rotator.STL
[0.529s] -- Up-to-date symlink: /home/ibrahim/tasc_arm/install/arm_description/share/arm_description/meshes/elbow_Link.STL
[0.530s] -- Up-to-date symlink: /home/ibrahim/tasc_arm/install/arm_description/share/arm_description/meshes/end_base.STL
[0.530s] -- Up-to-date symlink: /home/ibrahim/tasc_arm/install/arm_description/share/arm_description/meshes/finger_left.STL
[0.530s] -- Up-to-date symlink: /home/ibrahim/tasc_arm/install/arm_description/share/arm_description/meshes/finger_right.STL
[0.530s] -- Up-to-date symlink: /home/ibrahim/tasc_arm/install/arm_description/share/arm_description/meshes/gear_left.STL
[0.531s] -- Up-to-date symlink: /home/ibrahim/tasc_arm/install/arm_description/share/arm_description/meshes/gear_right.STL
[0.531s] -- Up-to-date symlink: /home/ibrahim/tasc_arm/install/arm_description/share/arm_description/meshes/shoulder_link.STL
[0.531s] -- Up-to-date symlink: /home/ibrahim/tasc_arm/install/arm_description/share/arm_description/meshes/wrist_Link.STL
[0.531s] -- Up-to-date symlink: /home/ibrahim/tasc_arm/install/arm_description/share/ament_index/resource_index/package_run_dependencies/arm_description
[0.532s] -- Up-to-date symlink: /home/ibrahim/tasc_arm/install/arm_description/share/ament_index/resource_index/parent_prefix_path/arm_description
[0.532s] -- Up-to-date symlink: /home/ibrahim/tasc_arm/install/arm_description/share/arm_description/environment/ament_prefix_path.sh
[0.532s] -- Up-to-date symlink: /home/ibrahim/tasc_arm/install/arm_description/share/arm_description/environment/ament_prefix_path.dsv
[0.532s] -- Up-to-date symlink: /home/ibrahim/tasc_arm/install/arm_description/share/arm_description/environment/path.sh
[0.533s] -- Up-to-date symlink: /home/ibrahim/tasc_arm/install/arm_description/share/arm_description/environment/path.dsv
[0.533s] -- Up-to-date symlink: /home/ibrahim/tasc_arm/install/arm_description/share/arm_description/local_setup.bash
[0.533s] -- Up-to-date symlink: /home/ibrahim/tasc_arm/install/arm_description/share/arm_description/local_setup.sh
[0.533s] -- Up-to-date symlink: /home/ibrahim/tasc_arm/install/arm_description/share/arm_description/local_setup.zsh
[0.534s] -- Up-to-date symlink: /home/ibrahim/tasc_arm/install/arm_description/share/arm_description/local_setup.dsv
[0.534s] -- Symlinking: /home/ibrahim/tasc_arm/install/arm_description/share/arm_description/package.dsv
[0.543s] -- Up-to-date symlink: /home/ibrahim/tasc_arm/install/arm_description/share/ament_index/resource_index/packages/arm_description
[0.544s] -- Up-to-date symlink: /home/ibrahim/tasc_arm/install/arm_description/share/arm_description/cmake/arm_descriptionConfig.cmake
[0.544s] -- Up-to-date symlink: /home/ibrahim/tasc_arm/install/arm_description/share/arm_description/cmake/arm_descriptionConfig-version.cmake
[0.544s] -- Up-to-date symlink: /home/ibrahim/tasc_arm/install/arm_description/share/arm_description/package.xml
[0.546s] Invoked command in '/home/ibrahim/tasc_arm/build/arm_description' returned '0': CMAKE_PREFIX_PATH=${CMAKE_PREFIX_PATH}:/home/ibrahim/tasc_arm/install/arm_control:/home/ibrahim/tasc_arm/install/arm_bringup:/opt/ros/humble /usr/bin/cmake --install /home/ibrahim/tasc_arm/build/arm_description
