[0.600s] Invoking command in '/home/ibrahim/tasc_arm/build/arm_control': PYTHONPATH=/home/ibrahim/tasc_arm/build/arm_control/prefix_override:/usr/lib/python3/dist-packages/colcon_core/task/python/colcon_distutils_commands:/home/ibrahim/tasc_arm/install/arm_control/lib/python3.10/site-packages:${PYTHONPATH} /usr/bin/python3 -W ignore:setup.py install is deprecated -W ignore:easy_install command is deprecated setup.py develop --editable --build-directory /home/ibrahim/tasc_arm/build/arm_control/build --no-deps symlink_data
[0.778s] running develop
[0.907s] running egg_info
[0.908s] writing arm_control.egg-info/PKG-INFO
[0.908s] writing dependency_links to arm_control.egg-info/dependency_links.txt
[0.908s] writing entry points to arm_control.egg-info/entry_points.txt
[0.909s] writing requirements to arm_control.egg-info/requires.txt
[0.909s] writing top-level names to arm_control.egg-info/top_level.txt
[0.911s] reading manifest file 'arm_control.egg-info/SOURCES.txt'
[0.911s] writing manifest file 'arm_control.egg-info/SOURCES.txt'
[0.914s] running build_ext
[0.914s] Creating /home/ibrahim/tasc_arm/install/arm_control/lib/python3.10/site-packages/arm-control.egg-link (link to .)
[0.914s] Installing keyboard_cartesian_ik_teleop script to /home/ibrahim/tasc_arm/install/arm_control/lib/arm_control
[0.914s] Installing keyboard_teleop script to /home/ibrahim/tasc_arm/install/arm_control/lib/arm_control
[0.915s] Installing logitech_joystick_ik script to /home/ibrahim/tasc_arm/install/arm_control/lib/arm_control
[0.915s] Installing ps5_arm_teleop script to /home/ibrahim/tasc_arm/install/arm_control/lib/arm_control
[0.915s] Installing ps5_cartesian_ik_teleop script to /home/ibrahim/tasc_arm/install/arm_control/lib/arm_control
[0.915s] 
[0.915s] Installed /home/ibrahim/tasc_arm/build/arm_control
[0.915s] running symlink_data
[0.935s] Invoked command in '/home/ibrahim/tasc_arm/build/arm_control' returned '0': PYTHONPATH=/home/ibrahim/tasc_arm/build/arm_control/prefix_override:/usr/lib/python3/dist-packages/colcon_core/task/python/colcon_distutils_commands:/home/ibrahim/tasc_arm/install/arm_control/lib/python3.10/site-packages:${PYTHONPATH} /usr/bin/python3 -W ignore:setup.py install is deprecated -W ignore:easy_install command is deprecated setup.py develop --editable --build-directory /home/ibrahim/tasc_arm/build/arm_control/build --no-deps symlink_data
