running develop
running egg_info
writing arm_control.egg-info/PKG-INFO
writing dependency_links to arm_control.egg-info/dependency_links.txt
writing entry points to arm_control.egg-info/entry_points.txt
writing requirements to arm_control.egg-info/requires.txt
writing top-level names to arm_control.egg-info/top_level.txt
reading manifest file 'arm_control.egg-info/SOURCES.txt'
writing manifest file 'arm_control.egg-info/SOURCES.txt'
running build_ext
Creating /home/ibrahim/tasc_arm/install/arm_control/lib/python3.10/site-packages/arm-control.egg-link (link to .)
Installing keyboard_cartesian_ik_teleop script to /home/ibrahim/tasc_arm/install/arm_control/lib/arm_control
Installing keyboard_teleop script to /home/ibrahim/tasc_arm/install/arm_control/lib/arm_control
Installing logitech_joystick_ik script to /home/ibrahim/tasc_arm/install/arm_control/lib/arm_control
Installing ps5_arm_teleop script to /home/ibrahim/tasc_arm/install/arm_control/lib/arm_control
Installing ps5_cartesian_ik_teleop script to /home/ibrahim/tasc_arm/install/arm_control/lib/arm_control

Installed /home/ibrahim/tasc_arm/build/arm_control
running symlink_data
symbolically linking /home/ibrahim/tasc_arm/build/arm_control/resource/arm_control -> /home/ibrahim/tasc_arm/install/arm_control/share/ament_index/resource_index/packages
symbolically linking /home/ibrahim/tasc_arm/build/arm_control/package.xml -> /home/ibrahim/tasc_arm/install/arm_control/share/arm_control
symbolically linking /home/ibrahim/tasc_arm/build/arm_control/config/controllers.yaml -> /home/ibrahim/tasc_arm/install/arm_control/share/arm_control/config
symbolically linking /home/ibrahim/tasc_arm/build/arm_control/plugin.xml -> /home/ibrahim/tasc_arm/install/arm_control/share/arm_control
