[0.566s] Invoking command in '/home/ibrahim/tasc_arm/build/arm_control': PYTHONPATH=/home/ibrahim/tasc_arm/build/arm_control/prefix_override:/usr/lib/python3/dist-packages/colcon_core/task/python/colcon_distutils_commands:/home/ibrahim/tasc_arm/install/arm_control/lib/python3.10/site-packages:${PYTHONPATH} /usr/bin/python3 -W ignore:setup.py install is deprecated -W ignore:easy_install command is deprecated setup.py develop --editable --build-directory /home/ibrahim/tasc_arm/build/arm_control/build --no-deps symlink_data --force
[0.721s] running develop
[0.829s] running egg_info
[0.829s] writing arm_control.egg-info/PKG-INFO
[0.829s] writing dependency_links to arm_control.egg-info/dependency_links.txt
[0.830s] writing entry points to arm_control.egg-info/entry_points.txt
[0.830s] writing requirements to arm_control.egg-info/requires.txt
[0.830s] writing top-level names to arm_control.egg-info/top_level.txt
[0.831s] reading manifest file 'arm_control.egg-info/SOURCES.txt'
[0.832s] writing manifest file 'arm_control.egg-info/SOURCES.txt'
[0.833s] running build_ext
[0.833s] Creating /home/ibrahim/tasc_arm/install/arm_control/lib/python3.10/site-packages/arm-control.egg-link (link to .)
[0.833s] Installing keyboard_cartesian_ik_teleop script to /home/ibrahim/tasc_arm/install/arm_control/lib/arm_control
[0.834s] Installing keyboard_teleop script to /home/ibrahim/tasc_arm/install/arm_control/lib/arm_control
[0.834s] Installing logitech_joystick_ik script to /home/ibrahim/tasc_arm/install/arm_control/lib/arm_control
[0.834s] Installing ps5_arm_teleop script to /home/ibrahim/tasc_arm/install/arm_control/lib/arm_control
[0.834s] Installing ps5_cartesian_ik_teleop script to /home/ibrahim/tasc_arm/install/arm_control/lib/arm_control
[0.834s] 
[0.834s] Installed /home/ibrahim/tasc_arm/build/arm_control
[0.834s] running symlink_data
[0.834s] symbolically linking /home/ibrahim/tasc_arm/build/arm_control/resource/arm_control -> /home/ibrahim/tasc_arm/install/arm_control/share/ament_index/resource_index/packages
[0.835s] symbolically linking /home/ibrahim/tasc_arm/build/arm_control/package.xml -> /home/ibrahim/tasc_arm/install/arm_control/share/arm_control
[0.835s] symbolically linking /home/ibrahim/tasc_arm/build/arm_control/config/controllers.yaml -> /home/ibrahim/tasc_arm/install/arm_control/share/arm_control/config
[0.835s] symbolically linking /home/ibrahim/tasc_arm/build/arm_control/plugin.xml -> /home/ibrahim/tasc_arm/install/arm_control/share/arm_control
[0.854s] Invoked command in '/home/ibrahim/tasc_arm/build/arm_control' returned '0': PYTHONPATH=/home/ibrahim/tasc_arm/build/arm_control/prefix_override:/usr/lib/python3/dist-packages/colcon_core/task/python/colcon_distutils_commands:/home/ibrahim/tasc_arm/install/arm_control/lib/python3.10/site-packages:${PYTHONPATH} /usr/bin/python3 -W ignore:setup.py install is deprecated -W ignore:easy_install command is deprecated setup.py develop --editable --build-directory /home/ibrahim/tasc_arm/build/arm_control/build --no-deps symlink_data --force
