[0.185s] Invoking command in '/home/ibrahim/tasc_arm/build/arm_control': CMAKE_PREFIX_PATH=${CMAKE_PREFIX_PATH}:/home/ibrahim/tasc_arm/install/arm_bringup:/opt/ros/humble /usr/bin/cmake --build /home/ibrahim/tasc_arm/build/arm_control -- -j4 -l4
[0.243s] [100%] Built target arm_control
[0.259s] Invoked command in '/home/ibrahim/tasc_arm/build/arm_control' returned '0': CMAKE_PREFIX_PATH=${CMAKE_PREFIX_PATH}:/home/ibrahim/tasc_arm/install/arm_bringup:/opt/ros/humble /usr/bin/cmake --build /home/ibrahim/tasc_arm/build/arm_control -- -j4 -l4
[0.263s] Invoking command in '/home/ibrahim/tasc_arm/build/arm_control': CMAKE_PREFIX_PATH=${CMAKE_PREFIX_PATH}:/home/ibrahim/tasc_arm/install/arm_bringup:/opt/ros/humble /usr/bin/cmake --install /home/ibrahim/tasc_arm/build/arm_control
[0.270s] -- Install configuration: ""
[0.271s] -- Execute custom install script
[0.271s] -- Up-to-date symlink: /home/ibrahim/tasc_arm/install/arm_control/share/arm_control//plugin.xml
[0.271s] -- Up-to-date symlink: /home/ibrahim/tasc_arm/install/arm_control/lib/libarm_control.so
[0.271s] -- Up-to-date symlink: /home/ibrahim/tasc_arm/install/arm_control/include/arm_control/mini_arm_hardware.hpp
[0.272s] -- Up-to-date symlink: /home/ibrahim/tasc_arm/install/arm_control/share/arm_control/plugin.xml
[0.272s] -- Up-to-date symlink: /home/ibrahim/tasc_arm/install/arm_control/share/arm_control/config/controllers.yaml
[0.272s] -- Up-to-date symlink: /home/ibrahim/tasc_arm/install/arm_control/lib/arm_control/keyboard_teleop.py
[0.272s] -- Up-to-date symlink: /home/ibrahim/tasc_arm/install/arm_control/lib/arm_control/keyboard_cartesian_ik_teleop.py
[0.272s] -- Up-to-date symlink: /home/ibrahim/tasc_arm/install/arm_control/lib/arm_control/ps5_arm_teleop.py
[0.272s] -- Up-to-date symlink: /home/ibrahim/tasc_arm/install/arm_control/lib/arm_control/ps5_cartesian_ik_teleop.py
[0.273s] -- Up-to-date symlink: /home/ibrahim/tasc_arm/install/arm_control/lib/arm_control/logitech_joystick_ik.py
[0.273s] -- Up-to-date symlink: /home/ibrahim/tasc_arm/install/arm_control/lib/arm_control/joint_state_offset.py
[0.274s] -- Up-to-date symlink: /home/ibrahim/tasc_arm/install/arm_control/share/ament_index/resource_index/package_run_dependencies/arm_control
[0.275s] -- Up-to-date symlink: /home/ibrahim/tasc_arm/install/arm_control/share/ament_index/resource_index/parent_prefix_path/arm_control
[0.275s] -- Up-to-date symlink: /home/ibrahim/tasc_arm/install/arm_control/share/arm_control/environment/ament_prefix_path.sh
[0.275s] -- Up-to-date symlink: /home/ibrahim/tasc_arm/install/arm_control/share/arm_control/environment/ament_prefix_path.dsv
[0.275s] -- Up-to-date symlink: /home/ibrahim/tasc_arm/install/arm_control/share/arm_control/environment/path.sh
[0.275s] -- Up-to-date symlink: /home/ibrahim/tasc_arm/install/arm_control/share/arm_control/environment/path.dsv
[0.275s] -- Up-to-date symlink: /home/ibrahim/tasc_arm/install/arm_control/share/arm_control/local_setup.bash
[0.275s] -- Up-to-date symlink: /home/ibrahim/tasc_arm/install/arm_control/share/arm_control/local_setup.sh
[0.275s] -- Up-to-date symlink: /home/ibrahim/tasc_arm/install/arm_control/share/arm_control/local_setup.zsh
[0.275s] -- Up-to-date symlink: /home/ibrahim/tasc_arm/install/arm_control/share/arm_control/local_setup.dsv
[0.275s] -- Symlinking: /home/ibrahim/tasc_arm/install/arm_control/share/arm_control/package.dsv
[0.283s] -- Up-to-date symlink: /home/ibrahim/tasc_arm/install/arm_control/share/ament_index/resource_index/packages/arm_control
[0.283s] -- Up-to-date symlink: /home/ibrahim/tasc_arm/install/arm_control/share/ament_index/resource_index/hardware_interface__pluginlib__plugin/arm_control
[0.283s] -- Up-to-date symlink: /home/ibrahim/tasc_arm/install/arm_control/share/arm_control/cmake/arm_controlConfig.cmake
[0.283s] -- Up-to-date symlink: /home/ibrahim/tasc_arm/install/arm_control/share/arm_control/cmake/arm_controlConfig-version.cmake
[0.283s] -- Up-to-date symlink: /home/ibrahim/tasc_arm/install/arm_control/share/arm_control/package.xml
[0.286s] Invoked command in '/home/ibrahim/tasc_arm/build/arm_control' returned '0': CMAKE_PREFIX_PATH=${CMAKE_PREFIX_PATH}:/home/ibrahim/tasc_arm/install/arm_bringup:/opt/ros/humble /usr/bin/cmake --install /home/ibrahim/tasc_arm/build/arm_control
