[0.596s] Invoking command in '/home/ibrahim/tasc_arm/build/arm_control': PYTHONPATH=/home/ibrahim/tasc_arm/build/arm_control/prefix_override:/usr/lib/python3/dist-packages/colcon_core/task/python/colcon_distutils_commands:/home/ibrahim/tasc_arm/install/arm_control/lib/python3.10/site-packages:${PYTHONPATH} /usr/bin/python3 -W ignore:setup.py install is deprecated -W ignore:easy_install command is deprecated setup.py develop --editable --build-directory /home/ibrahim/tasc_arm/build/arm_control/build --no-deps symlink_data
[0.770s] running develop
[0.916s] running egg_info
[0.916s] creating arm_control.egg-info
[0.916s] writing arm_control.egg-info/PKG-INFO
[0.916s] writing dependency_links to arm_control.egg-info/dependency_links.txt
[0.916s] writing entry points to arm_control.egg-info/entry_points.txt
[0.916s] writing requirements to arm_control.egg-info/requires.txt
[0.916s] writing top-level names to arm_control.egg-info/top_level.txt
[0.916s] writing manifest file 'arm_control.egg-info/SOURCES.txt'
[0.917s] reading manifest file 'arm_control.egg-info/SOURCES.txt'
[0.917s] writing manifest file 'arm_control.egg-info/SOURCES.txt'
[0.919s] running build_ext
[0.919s] Creating /home/ibrahim/tasc_arm/install/arm_control/lib/python3.10/site-packages/arm-control.egg-link (link to .)
[0.920s] 
[0.920s] Installed /home/ibrahim/tasc_arm/build/arm_control
[0.920s] running symlink_data
[0.920s] creating /home/ibrahim/tasc_arm/install/arm_control/share/ament_index
[0.920s] creating /home/ibrahim/tasc_arm/install/arm_control/share/ament_index/resource_index
[0.920s] creating /home/ibrahim/tasc_arm/install/arm_control/share/ament_index/resource_index/packages
[0.920s] symbolically linking /home/ibrahim/tasc_arm/build/arm_control/resource/arm_control -> /home/ibrahim/tasc_arm/install/arm_control/share/ament_index/resource_index/packages
[0.920s] symbolically linking /home/ibrahim/tasc_arm/build/arm_control/package.xml -> /home/ibrahim/tasc_arm/install/arm_control/share/arm_control
[0.943s] Invoked command in '/home/ibrahim/tasc_arm/build/arm_control' returned '0': PYTHONPATH=/home/ibrahim/tasc_arm/build/arm_control/prefix_override:/usr/lib/python3/dist-packages/colcon_core/task/python/colcon_distutils_commands:/home/ibrahim/tasc_arm/install/arm_control/lib/python3.10/site-packages:${PYTHONPATH} /usr/bin/python3 -W ignore:setup.py install is deprecated -W ignore:easy_install command is deprecated setup.py develop --editable --build-directory /home/ibrahim/tasc_arm/build/arm_control/build --no-deps symlink_data
