[0.593s] Invoking command in '/home/ibrahim/tasc_arm/build/arm_control': PYTHONPATH=/home/ibrahim/tasc_arm/build/arm_control/prefix_override:/usr/lib/python3/dist-packages/colcon_core/task/python/colcon_distutils_commands:/home/ibrahim/tasc_arm/install/arm_control/lib/python3.10/site-packages:${PYTHONPATH} /usr/bin/python3 -W ignore:setup.py install is deprecated -W ignore:easy_install command is deprecated setup.py develop --editable --build-directory /home/ibrahim/tasc_arm/build/arm_control/build --no-deps symlink_data
[0.760s] running develop
[0.874s] running egg_info
[0.874s] writing arm_control.egg-info/PKG-INFO
[0.874s] writing dependency_links to arm_control.egg-info/dependency_links.txt
[0.874s] writing entry points to arm_control.egg-info/entry_points.txt
[0.875s] writing requirements to arm_control.egg-info/requires.txt
[0.875s] writing top-level names to arm_control.egg-info/top_level.txt
[0.876s] reading manifest file 'arm_control.egg-info/SOURCES.txt'
[0.877s] writing manifest file 'arm_control.egg-info/SOURCES.txt'
[0.878s] running build_ext
[0.878s] Creating /home/ibrahim/tasc_arm/install/arm_control/lib/python3.10/site-packages/arm-control.egg-link (link to .)
[0.879s] Installing keyboard_cartesian_ik_teleop script to /home/ibrahim/tasc_arm/install/arm_control/lib/arm_control
[0.879s] Installing keyboard_teleop script to /home/ibrahim/tasc_arm/install/arm_control/lib/arm_control
[0.879s] Installing ps5_arm_teleop script to /home/ibrahim/tasc_arm/install/arm_control/lib/arm_control
[0.879s] Installing ps5_cartesian_ik_teleop script to /home/ibrahim/tasc_arm/install/arm_control/lib/arm_control
[0.879s] 
[0.879s] Installed /home/ibrahim/tasc_arm/build/arm_control
[0.879s] running symlink_data
[0.879s] creating /home/ibrahim/tasc_arm/install/arm_control/share/arm_control/config
[0.879s] symbolically linking /home/ibrahim/tasc_arm/build/arm_control/config/controllers.yaml -> /home/ibrahim/tasc_arm/install/arm_control/share/arm_control/config
[0.880s] symbolically linking /home/ibrahim/tasc_arm/build/arm_control/plugin.xml -> /home/ibrahim/tasc_arm/install/arm_control/share/arm_control
[0.897s] Invoked command in '/home/ibrahim/tasc_arm/build/arm_control' returned '0': PYTHONPATH=/home/ibrahim/tasc_arm/build/arm_control/prefix_override:/usr/lib/python3/dist-packages/colcon_core/task/python/colcon_distutils_commands:/home/ibrahim/tasc_arm/install/arm_control/lib/python3.10/site-packages:${PYTHONPATH} /usr/bin/python3 -W ignore:setup.py install is deprecated -W ignore:easy_install command is deprecated setup.py develop --editable --build-directory /home/ibrahim/tasc_arm/build/arm_control/build --no-deps symlink_data
