[6.013s] Invoking command in '/home/ibrahim/tasc_arm/src/arm_bringup': PYTHONPATH=/home/ibrahim/tasc_arm/build/arm_bringup/prefix_override:/usr/lib/python3/dist-packages/colcon_core/task/python/colcon_distutils_commands:/home/ibrahim/tasc_arm/install/arm_bringup/lib/python3.10/site-packages:${PYTHONPATH} /usr/bin/python3 -W ignore:setup.py install is deprecated -W ignore:easy_install command is deprecated setup.py egg_info --egg-base ../../build/arm_bringup build --build-base /home/ibrahim/tasc_arm/build/arm_bringup/build install --record /home/ibrahim/tasc_arm/build/arm_bringup/install.log --single-version-externally-managed install_data
[6.160s] running egg_info
[6.160s] writing ../../build/arm_bringup/arm_bringup.egg-info/PKG-INFO
[6.180s] writing dependency_links to ../../build/arm_bringup/arm_bringup.egg-info/dependency_links.txt
[6.182s] writing entry points to ../../build/arm_bringup/arm_bringup.egg-info/entry_points.txt
[6.182s] writing requirements to ../../build/arm_bringup/arm_bringup.egg-info/requires.txt
[6.182s] writing top-level names to ../../build/arm_bringup/arm_bringup.egg-info/top_level.txt
[6.248s] reading manifest file '../../build/arm_bringup/arm_bringup.egg-info/SOURCES.txt'
[6.263s] writing manifest file '../../build/arm_bringup/arm_bringup.egg-info/SOURCES.txt'
[6.264s] running build
[6.264s] running build_py
[6.282s] running install
[6.282s] running install_lib
[6.299s] running install_data
[6.311s] running install_egg_info
[6.312s] removing '/home/ibrahim/tasc_arm/install/arm_bringup/lib/python3.10/site-packages/arm_bringup-0.0.0-py3.10.egg-info' (and everything under it)
[6.333s] Copying ../../build/arm_bringup/arm_bringup.egg-info to /home/ibrahim/tasc_arm/install/arm_bringup/lib/python3.10/site-packages/arm_bringup-0.0.0-py3.10.egg-info
[6.345s] running install_scripts
[6.358s] writing list of installed files to '/home/ibrahim/tasc_arm/build/arm_bringup/install.log'
[6.371s] Invoked command in '/home/ibrahim/tasc_arm/src/arm_bringup' returned '0': PYTHONPATH=/home/ibrahim/tasc_arm/build/arm_bringup/prefix_override:/usr/lib/python3/dist-packages/colcon_core/task/python/colcon_distutils_commands:/home/ibrahim/tasc_arm/install/arm_bringup/lib/python3.10/site-packages:${PYTHONPATH} /usr/bin/python3 -W ignore:setup.py install is deprecated -W ignore:easy_install command is deprecated setup.py egg_info --egg-base ../../build/arm_bringup build --build-base /home/ibrahim/tasc_arm/build/arm_bringup/build install --record /home/ibrahim/tasc_arm/build/arm_bringup/install.log --single-version-externally-managed install_data
