-- Found ament_cmake: 1.3.12 (/opt/ros/humble/share/ament_cmake/cmake)
-- Found rclcpp: 16.0.14 (/opt/ros/humble/share/rclcpp/cmake)
-- Found rosidl_generator_c: 3.1.7 (/opt/ros/humble/share/rosidl_generator_c/cmake)
-- Found rosidl_adapter: 3.1.7 (/opt/ros/humble/share/rosidl_adapter/cmake)
-- Found rosidl_generator_cpp: 3.1.7 (/opt/ros/humble/share/rosidl_generator_cpp/cmake)
-- Using all available rosidl_typesupport_c: rosidl_typesupport_fastrtps_c;rosidl_typesupport_introspection_c
-- Using all available rosidl_typesupport_cpp: rosidl_typesupport_fastrtps_cpp;rosidl_typesupport_introspection_cpp
-- Found rmw_implementation_cmake: 6.1.2 (/opt/ros/humble/share/rmw_implementation_cmake/cmake)
-- Found rmw_cyclonedds_cpp: 1.3.4 (/opt/ros/humble/share/rmw_cyclonedds_cpp/cmake)
-- Using RMW implementation 'rmw_cyclonedds_cpp' as default
-- Found hardware_interface: 2.51.0 (/opt/ros/humble/share/hardware_interface/cmake)
-- Found controller_manager: 2.51.0 (/opt/ros/humble/share/controller_manager/cmake)
-- Configuring done
-- Generating done
-- Build files have been written to: /home/ibrahim/tasc_arm/build/phidgets_hardware
[35m[1mConsolidate compiler generated dependencies of target phidgets_hardware[0m
[100%] Built target phidgets_hardware
-- Install configuration: ""
-- Up-to-date: /home/ibrahim/tasc_arm/install/phidgets_hardware/share/phidgets_hardware/phidgets_hardware_plugin.xml
-- Up-to-date: /home/ibrahim/tasc_arm/install/phidgets_hardware/lib/libphidgets_hardware.so
-- Up-to-date: /home/ibrahim/tasc_arm/install/phidgets_hardware/include
-- Up-to-date: /home/ibrahim/tasc_arm/install/phidgets_hardware/include/phidgets_hardware
-- Up-to-date: /home/ibrahim/tasc_arm/install/phidgets_hardware/include/phidgets_hardware/phidgets_stepper_hardware.hpp
-- Up-to-date: /home/ibrahim/tasc_arm/install/phidgets_hardware/share/phidgets_hardware/description
-- Up-to-date: /home/ibrahim/tasc_arm/install/phidgets_hardware/share/phidgets_hardware/description/phidgets_single_motor.urdf.xacro
-- Up-to-date: /home/ibrahim/tasc_arm/install/phidgets_hardware/share/phidgets_hardware/config
-- Up-to-date: /home/ibrahim/tasc_arm/install/phidgets_hardware/share/phidgets_hardware/config/ros2_control_controllers.yaml
-- Up-to-date: /home/ibrahim/tasc_arm/install/phidgets_hardware/share/phidgets_hardware/launch
-- Up-to-date: /home/ibrahim/tasc_arm/install/phidgets_hardware/share/phidgets_hardware/launch/bringup_single_motor.launch.py
-- Up-to-date: /home/ibrahim/tasc_arm/install/phidgets_hardware/share/phidgets_hardware/phidgets_hardware_plugin.xml
-- Installing: /home/ibrahim/tasc_arm/install/phidgets_hardware/lib/phidgets_hardware/keyboard_stepper_teleop.py
-- Up-to-date: /home/ibrahim/tasc_arm/install/phidgets_hardware/share/ament_index/resource_index/package_run_dependencies/phidgets_hardware
-- Installing: /home/ibrahim/tasc_arm/install/phidgets_hardware/share/ament_index/resource_index/parent_prefix_path/phidgets_hardware
-- Up-to-date: /home/ibrahim/tasc_arm/install/phidgets_hardware/share/phidgets_hardware/environment/ament_prefix_path.sh
-- Installing: /home/ibrahim/tasc_arm/install/phidgets_hardware/share/phidgets_hardware/environment/ament_prefix_path.dsv
-- Up-to-date: /home/ibrahim/tasc_arm/install/phidgets_hardware/share/phidgets_hardware/environment/path.sh
-- Installing: /home/ibrahim/tasc_arm/install/phidgets_hardware/share/phidgets_hardware/environment/path.dsv
-- Up-to-date: /home/ibrahim/tasc_arm/install/phidgets_hardware/share/phidgets_hardware/local_setup.bash
-- Up-to-date: /home/ibrahim/tasc_arm/install/phidgets_hardware/share/phidgets_hardware/local_setup.sh
-- Up-to-date: /home/ibrahim/tasc_arm/install/phidgets_hardware/share/phidgets_hardware/local_setup.zsh
-- Installing: /home/ibrahim/tasc_arm/install/phidgets_hardware/share/phidgets_hardware/local_setup.dsv
-- Installing: /home/ibrahim/tasc_arm/install/phidgets_hardware/share/phidgets_hardware/package.dsv
-- Up-to-date: /home/ibrahim/tasc_arm/install/phidgets_hardware/share/ament_index/resource_index/packages/phidgets_hardware
-- Up-to-date: /home/ibrahim/tasc_arm/install/phidgets_hardware/share/ament_index/resource_index/hardware_interface__pluginlib__plugin/phidgets_hardware
-- Up-to-date: /home/ibrahim/tasc_arm/install/phidgets_hardware/share/phidgets_hardware/cmake/phidgets_hardwareConfig.cmake
-- Up-to-date: /home/ibrahim/tasc_arm/install/phidgets_hardware/share/phidgets_hardware/cmake/phidgets_hardwareConfig-version.cmake
-- Up-to-date: /home/ibrahim/tasc_arm/install/phidgets_hardware/share/phidgets_hardware/package.xml
