[0.177s] Invoking command in '/home/ibrahim/tasc_arm/build/arm_control': CMAKE_PREFIX_PATH=${CMAKE_PREFIX_PATH}:/home/ibrahim/tasc_arm/install/arm_bringup:/opt/ros/humble /usr/bin/cmake /home/ibrahim/tasc_arm/src/arm_control -DCMAKE_INSTALL_PREFIX=/home/ibrahim/tasc_arm/install/arm_control
[0.189s] -- Found ament_cmake: 1.3.12 (/opt/ros/humble/share/ament_cmake/cmake)
[0.269s] -- Override CMake install command with custom implementation using symlinks instead of copying resources
[0.273s] -- Found rclcpp: 16.0.14 (/opt/ros/humble/share/rclcpp/cmake)
[0.293s] -- Found rosidl_generator_c: 3.1.7 (/opt/ros/humble/share/rosidl_generator_c/cmake)
[0.294s] -- Found rosidl_adapter: 3.1.7 (/opt/ros/humble/share/rosidl_adapter/cmake)
[0.298s] -- Found rosidl_generator_cpp: 3.1.7 (/opt/ros/humble/share/rosidl_generator_cpp/cmake)
[0.304s] -- Using all available rosidl_typesupport_c: rosidl_typesupport_fastrtps_c;rosidl_typesupport_introspection_c
[0.311s] -- Using all available rosidl_typesupport_cpp: rosidl_typesupport_fastrtps_cpp;rosidl_typesupport_introspection_cpp
[0.331s] -- Found rmw_implementation_cmake: 6.1.2 (/opt/ros/humble/share/rmw_implementation_cmake/cmake)
[0.337s] -- Found rmw_cyclonedds_cpp: 1.3.4 (/opt/ros/humble/share/rmw_cyclonedds_cpp/cmake)
[0.345s] -- Using RMW implementation 'rmw_cyclonedds_cpp' as default
[0.375s] -- Found rclcpp_lifecycle: 16.0.14 (/opt/ros/humble/share/rclcpp_lifecycle/cmake)
[0.385s] -- Found hardware_interface: 2.51.0 (/opt/ros/humble/share/hardware_interface/cmake)
[0.504s] -- Configuring done
[0.526s] -- Generating done
[0.530s] -- Build files have been written to: /home/ibrahim/tasc_arm/build/arm_control
[0.538s] Invoked command in '/home/ibrahim/tasc_arm/build/arm_control' returned '0': CMAKE_PREFIX_PATH=${CMAKE_PREFIX_PATH}:/home/ibrahim/tasc_arm/install/arm_bringup:/opt/ros/humble /usr/bin/cmake /home/ibrahim/tasc_arm/src/arm_control -DCMAKE_INSTALL_PREFIX=/home/ibrahim/tasc_arm/install/arm_control
[0.539s] Invoking command in '/home/ibrahim/tasc_arm/build/arm_control': CMAKE_PREFIX_PATH=${CMAKE_PREFIX_PATH}:/home/ibrahim/tasc_arm/install/arm_bringup:/opt/ros/humble /usr/bin/cmake --build /home/ibrahim/tasc_arm/build/arm_control -- -j4 -l4
[0.576s] [35m[1mConsolidate compiler generated dependencies of target arm_control[0m
[0.595s] [100%] Built target arm_control
[0.606s] Invoked command in '/home/ibrahim/tasc_arm/build/arm_control' returned '0': CMAKE_PREFIX_PATH=${CMAKE_PREFIX_PATH}:/home/ibrahim/tasc_arm/install/arm_bringup:/opt/ros/humble /usr/bin/cmake --build /home/ibrahim/tasc_arm/build/arm_control -- -j4 -l4
[0.606s] Invoking command in '/home/ibrahim/tasc_arm/build/arm_control': CMAKE_PREFIX_PATH=${CMAKE_PREFIX_PATH}:/home/ibrahim/tasc_arm/install/arm_bringup:/opt/ros/humble /usr/bin/cmake --install /home/ibrahim/tasc_arm/build/arm_control
[0.612s] -- Install configuration: ""
[0.612s] -- Execute custom install script
[0.612s] -- Up-to-date symlink: /home/ibrahim/tasc_arm/install/arm_control/share/arm_control//plugin.xml
[0.613s] -- Up-to-date symlink: /home/ibrahim/tasc_arm/install/arm_control/lib/libarm_control.so
[0.613s] -- Up-to-date symlink: /home/ibrahim/tasc_arm/install/arm_control/include/arm_control/mini_arm_hardware.hpp
[0.613s] -- Up-to-date symlink: /home/ibrahim/tasc_arm/install/arm_control/share/arm_control/plugin.xml
[0.613s] -- Up-to-date symlink: /home/ibrahim/tasc_arm/install/arm_control/share/arm_control/config/controllers.yaml
[0.614s] -- Up-to-date symlink: /home/ibrahim/tasc_arm/install/arm_control/lib/arm_control/keyboard_teleop.py
[0.614s] -- Up-to-date symlink: /home/ibrahim/tasc_arm/install/arm_control/lib/arm_control/keyboard_cartesian_ik_teleop.py
[0.614s] -- Up-to-date symlink: /home/ibrahim/tasc_arm/install/arm_control/lib/arm_control/ps5_arm_teleop.py
[0.614s] -- Up-to-date symlink: /home/ibrahim/tasc_arm/install/arm_control/lib/arm_control/ps5_cartesian_ik_teleop.py
[0.614s] -- Up-to-date symlink: /home/ibrahim/tasc_arm/install/arm_control/lib/arm_control/logitech_joystick_ik.py
[0.615s] -- Symlinking: /home/ibrahim/tasc_arm/install/arm_control/lib/arm_control/joint_state_offset.py
[0.623s] -- Up-to-date symlink: /home/ibrahim/tasc_arm/install/arm_control/share/ament_index/resource_index/package_run_dependencies/arm_control
[0.623s] -- Up-to-date symlink: /home/ibrahim/tasc_arm/install/arm_control/share/ament_index/resource_index/parent_prefix_path/arm_control
[0.623s] -- Up-to-date symlink: /home/ibrahim/tasc_arm/install/arm_control/share/arm_control/environment/ament_prefix_path.sh
[0.624s] -- Up-to-date symlink: /home/ibrahim/tasc_arm/install/arm_control/share/arm_control/environment/ament_prefix_path.dsv
[0.624s] -- Up-to-date symlink: /home/ibrahim/tasc_arm/install/arm_control/share/arm_control/environment/path.sh
[0.624s] -- Up-to-date symlink: /home/ibrahim/tasc_arm/install/arm_control/share/arm_control/environment/path.dsv
[0.624s] -- Up-to-date symlink: /home/ibrahim/tasc_arm/install/arm_control/share/arm_control/local_setup.bash
[0.625s] -- Up-to-date symlink: /home/ibrahim/tasc_arm/install/arm_control/share/arm_control/local_setup.sh
[0.625s] -- Up-to-date symlink: /home/ibrahim/tasc_arm/install/arm_control/share/arm_control/local_setup.zsh
[0.625s] -- Up-to-date symlink: /home/ibrahim/tasc_arm/install/arm_control/share/arm_control/local_setup.dsv
[0.625s] -- Symlinking: /home/ibrahim/tasc_arm/install/arm_control/share/arm_control/package.dsv
[0.632s] -- Up-to-date symlink: /home/ibrahim/tasc_arm/install/arm_control/share/ament_index/resource_index/packages/arm_control
[0.633s] -- Up-to-date symlink: /home/ibrahim/tasc_arm/install/arm_control/share/ament_index/resource_index/hardware_interface__pluginlib__plugin/arm_control
[0.633s] -- Up-to-date symlink: /home/ibrahim/tasc_arm/install/arm_control/share/arm_control/cmake/arm_controlConfig.cmake
[0.633s] -- Up-to-date symlink: /home/ibrahim/tasc_arm/install/arm_control/share/arm_control/cmake/arm_controlConfig-version.cmake
[0.633s] -- Up-to-date symlink: /home/ibrahim/tasc_arm/install/arm_control/share/arm_control/package.xml
[0.638s] Invoked command in '/home/ibrahim/tasc_arm/build/arm_control' returned '0': CMAKE_PREFIX_PATH=${CMAKE_PREFIX_PATH}:/home/ibrahim/tasc_arm/install/arm_bringup:/opt/ros/humble /usr/bin/cmake --install /home/ibrahim/tasc_arm/build/arm_control
