[0.560s] Invoking command in '/home/ibrahim/tasc_arm/build/arm_control': PYTHONPATH=/home/ibrahim/tasc_arm/build/arm_control/prefix_override:/usr/lib/python3/dist-packages/colcon_core/task/python/colcon_distutils_commands:/home/ibrahim/tasc_arm/install/arm_control/lib/python3.10/site-packages:${PYTHONPATH} /usr/bin/python3 -W ignore:setup.py install is deprecated -W ignore:easy_install command is deprecated setup.py develop --editable --build-directory /home/ibrahim/tasc_arm/build/arm_control/build --no-deps symlink_data
[0.729s] running develop
[0.834s] running egg_info
[0.834s] creating arm_control.egg-info
[0.834s] writing arm_control.egg-info/PKG-INFO
[0.834s] writing dependency_links to arm_control.egg-info/dependency_links.txt
[0.834s] writing entry points to arm_control.egg-info/entry_points.txt
[0.834s] writing requirements to arm_control.egg-info/requires.txt
[0.834s] writing top-level names to arm_control.egg-info/top_level.txt
[0.834s] writing manifest file 'arm_control.egg-info/SOURCES.txt'
[0.835s] reading manifest file 'arm_control.egg-info/SOURCES.txt'
[0.835s] writing manifest file 'arm_control.egg-info/SOURCES.txt'
[0.836s] running build_ext
[0.836s] Creating /home/ibrahim/tasc_arm/install/arm_control/lib/python3.10/site-packages/arm-control.egg-link (link to .)
[0.838s] Installing keyboard_cartesian_ik_teleop script to /home/ibrahim/tasc_arm/install/arm_control/lib/arm_control
[0.838s] Installing keyboard_teleop script to /home/ibrahim/tasc_arm/install/arm_control/lib/arm_control
[0.838s] Installing ps5_arm_teleop script to /home/ibrahim/tasc_arm/install/arm_control/lib/arm_control
[0.838s] Installing ps5_cartesian_ik_teleop script to /home/ibrahim/tasc_arm/install/arm_control/lib/arm_control
[0.838s] 
[0.838s] Installed /home/ibrahim/tasc_arm/build/arm_control
[0.838s] running symlink_data
[0.838s] creating /home/ibrahim/tasc_arm/install/arm_control/share/ament_index
[0.838s] creating /home/ibrahim/tasc_arm/install/arm_control/share/ament_index/resource_index
[0.838s] creating /home/ibrahim/tasc_arm/install/arm_control/share/ament_index/resource_index/packages
[0.838s] symbolically linking /home/ibrahim/tasc_arm/build/arm_control/resource/arm_control -> /home/ibrahim/tasc_arm/install/arm_control/share/ament_index/resource_index/packages
[0.838s] symbolically linking /home/ibrahim/tasc_arm/build/arm_control/package.xml -> /home/ibrahim/tasc_arm/install/arm_control/share/arm_control
[0.865s] Invoked command in '/home/ibrahim/tasc_arm/build/arm_control' returned '0': PYTHONPATH=/home/ibrahim/tasc_arm/build/arm_control/prefix_override:/usr/lib/python3/dist-packages/colcon_core/task/python/colcon_distutils_commands:/home/ibrahim/tasc_arm/install/arm_control/lib/python3.10/site-packages:${PYTHONPATH} /usr/bin/python3 -W ignore:setup.py install is deprecated -W ignore:easy_install command is deprecated setup.py develop --editable --build-directory /home/ibrahim/tasc_arm/build/arm_control/build --no-deps symlink_data
