[0.346s] Invoking command in '/home/ibrahim/tasc_arm/build/arm_description': CMAKE_PREFIX_PATH=${CMAKE_PREFIX_PATH}:/home/ibrahim/tasc_arm/install/arm_control:/home/ibrahim/tasc_arm/install/arm_bringup:/home/ibrahim/arm_ws/install/mini_arm_teleop:/home/ibrahim/arm_ws/install/arm_teleop:/home/ibrahim/install/turtlebot3_ps4_controller:/home/ibrahim/install/phidget_arm_control:/home/ibrahim/install/joy_tester:/home/ibrahim/install/fk_test:/home/ibrahim/install/controller:/opt/ros/humble /usr/bin/cmake /home/ibrahim/tasc_arm/src/arm_description -DAMENT_CMAKE_SYMLINK_INSTALL=1 -DCMAKE_INSTALL_PREFIX=/home/ibrahim/tasc_arm/install/arm_description
[0.393s] -- The C compiler identification is GNU 11.4.0
[0.438s] -- The CXX compiler identification is GNU 11.4.0
[0.446s] -- Detecting C compiler ABI info
[0.503s] -- Detecting C compiler ABI info - done
[0.508s] -- Check for working C compiler: /usr/bin/cc - skipped
[0.508s] -- Detecting C compile features
[0.509s] -- Detecting C compile features - done
[0.511s] -- Detecting CXX compiler ABI info
[0.586s] -- Detecting CXX compiler ABI info - done
[0.588s] -- Check for working CXX compiler: /usr/bin/c++ - skipped
[0.588s] -- Detecting CXX compile features
[0.588s] -- Detecting CXX compile features - done
[0.593s] -- Found ament_cmake: 1.3.12 (/opt/ros/humble/share/ament_cmake/cmake)
[0.705s] -- Found Python3: /usr/bin/python3 (found version "3.10.12") found components: Interpreter 
[0.750s] -- Override CMake install command with custom implementation using symlinks instead of copying resources
[0.845s] -- Found ament_lint_auto: 0.12.14 (/opt/ros/humble/share/ament_lint_auto/cmake)
[0.911s] -- Added test 'lint_cmake' to check CMake code style
[0.911s] -- Added test 'xmllint' to check XML markup files
[0.913s] -- Configuring done
[0.916s] -- Generating done
[0.917s] -- Build files have been written to: /home/ibrahim/tasc_arm/build/arm_description
[0.927s] Invoked command in '/home/ibrahim/tasc_arm/build/arm_description' returned '0': CMAKE_PREFIX_PATH=${CMAKE_PREFIX_PATH}:/home/ibrahim/tasc_arm/install/arm_control:/home/ibrahim/tasc_arm/install/arm_bringup:/home/ibrahim/arm_ws/install/mini_arm_teleop:/home/ibrahim/arm_ws/install/arm_teleop:/home/ibrahim/install/turtlebot3_ps4_controller:/home/ibrahim/install/phidget_arm_control:/home/ibrahim/install/joy_tester:/home/ibrahim/install/fk_test:/home/ibrahim/install/controller:/opt/ros/humble /usr/bin/cmake /home/ibrahim/tasc_arm/src/arm_description -DAMENT_CMAKE_SYMLINK_INSTALL=1 -DCMAKE_INSTALL_PREFIX=/home/ibrahim/tasc_arm/install/arm_description
[0.927s] Invoking command in '/home/ibrahim/tasc_arm/build/arm_description': CMAKE_PREFIX_PATH=${CMAKE_PREFIX_PATH}:/home/ibrahim/tasc_arm/install/arm_control:/home/ibrahim/tasc_arm/install/arm_bringup:/home/ibrahim/arm_ws/install/mini_arm_teleop:/home/ibrahim/arm_ws/install/arm_teleop:/home/ibrahim/install/turtlebot3_ps4_controller:/home/ibrahim/install/phidget_arm_control:/home/ibrahim/install/joy_tester:/home/ibrahim/install/fk_test:/home/ibrahim/install/controller:/opt/ros/humble /usr/bin/cmake --build /home/ibrahim/tasc_arm/build/arm_description -- -j4 -l4
[0.962s] Invoked command in '/home/ibrahim/tasc_arm/build/arm_description' returned '0': CMAKE_PREFIX_PATH=${CMAKE_PREFIX_PATH}:/home/ibrahim/tasc_arm/install/arm_control:/home/ibrahim/tasc_arm/install/arm_bringup:/home/ibrahim/arm_ws/install/mini_arm_teleop:/home/ibrahim/arm_ws/install/arm_teleop:/home/ibrahim/install/turtlebot3_ps4_controller:/home/ibrahim/install/phidget_arm_control:/home/ibrahim/install/joy_tester:/home/ibrahim/install/fk_test:/home/ibrahim/install/controller:/opt/ros/humble /usr/bin/cmake --build /home/ibrahim/tasc_arm/build/arm_description -- -j4 -l4
[0.971s] Invoking command in '/home/ibrahim/tasc_arm/build/arm_description': CMAKE_PREFIX_PATH=${CMAKE_PREFIX_PATH}:/home/ibrahim/tasc_arm/install/arm_control:/home/ibrahim/tasc_arm/install/arm_bringup:/home/ibrahim/arm_ws/install/mini_arm_teleop:/home/ibrahim/arm_ws/install/arm_teleop:/home/ibrahim/install/turtlebot3_ps4_controller:/home/ibrahim/install/phidget_arm_control:/home/ibrahim/install/joy_tester:/home/ibrahim/install/fk_test:/home/ibrahim/install/controller:/opt/ros/humble /usr/bin/cmake --install /home/ibrahim/tasc_arm/build/arm_description
[0.976s] -- Install configuration: ""
[0.977s] -- Execute custom install script
[0.977s] -- Symlinking: /home/ibrahim/tasc_arm/install/arm_description/share/ament_index/resource_index/package_run_dependencies/arm_description
[0.986s] -- Symlinking: /home/ibrahim/tasc_arm/install/arm_description/share/ament_index/resource_index/parent_prefix_path/arm_description
[0.993s] -- Symlinking: /home/ibrahim/tasc_arm/install/arm_description/share/arm_description/environment/ament_prefix_path.sh
[1.001s] -- Symlinking: /home/ibrahim/tasc_arm/install/arm_description/share/arm_description/environment/ament_prefix_path.dsv
[1.008s] -- Symlinking: /home/ibrahim/tasc_arm/install/arm_description/share/arm_description/environment/path.sh
[1.015s] -- Symlinking: /home/ibrahim/tasc_arm/install/arm_description/share/arm_description/environment/path.dsv
[1.022s] -- Symlinking: /home/ibrahim/tasc_arm/install/arm_description/share/arm_description/local_setup.bash
[1.030s] -- Symlinking: /home/ibrahim/tasc_arm/install/arm_description/share/arm_description/local_setup.sh
[1.037s] -- Symlinking: /home/ibrahim/tasc_arm/install/arm_description/share/arm_description/local_setup.zsh
[1.044s] -- Symlinking: /home/ibrahim/tasc_arm/install/arm_description/share/arm_description/local_setup.dsv
[1.051s] -- Symlinking: /home/ibrahim/tasc_arm/install/arm_description/share/arm_description/package.dsv
[1.058s] -- Symlinking: /home/ibrahim/tasc_arm/install/arm_description/share/ament_index/resource_index/packages/arm_description
[1.064s] -- Symlinking: /home/ibrahim/tasc_arm/install/arm_description/share/arm_description/cmake/arm_descriptionConfig.cmake
[1.071s] -- Symlinking: /home/ibrahim/tasc_arm/install/arm_description/share/arm_description/cmake/arm_descriptionConfig-version.cmake
[1.078s] -- Symlinking: /home/ibrahim/tasc_arm/install/arm_description/share/arm_description/package.xml
[1.088s] Invoked command in '/home/ibrahim/tasc_arm/build/arm_description' returned '0': CMAKE_PREFIX_PATH=${CMAKE_PREFIX_PATH}:/home/ibrahim/tasc_arm/install/arm_control:/home/ibrahim/tasc_arm/install/arm_bringup:/home/ibrahim/arm_ws/install/mini_arm_teleop:/home/ibrahim/arm_ws/install/arm_teleop:/home/ibrahim/install/turtlebot3_ps4_controller:/home/ibrahim/install/phidget_arm_control:/home/ibrahim/install/joy_tester:/home/ibrahim/install/fk_test:/home/ibrahim/install/controller:/opt/ros/humble /usr/bin/cmake --install /home/ibrahim/tasc_arm/build/arm_description
